{"C:\\Users\\lenovo\\Documents\\Studi Independen\\Chapter 6\\coba\\challenge\\app.js": {"path":"C:\\Users\\lenovo\\Documents\\Studi Independen\\Chapter 6\\coba\\challenge\\app.js","all":false,"statementMap":{"0":{"start":{"line":1,"column":0},"end":{"line":1,"column":35}},"1":{"start":{"line":2,"column":0},"end":{"line":2,"column":22}},"2":{"start":{"line":3,"column":0},"end":{"line":3,"column":42}},"3":{"start":{"line":4,"column":0},"end":{"line":4,"column":33}},"4":{"start":{"line":5,"column":0},"end":{"line":5,"column":46}},"5":{"start":{"line":6,"column":0},"end":{"line":6,"column":48}},"6":{"start":{"line":7,"column":0},"end":{"line":7,"column":0}},"7":{"start":{"line":8,"column":0},"end":{"line":8,"column":38}},"8":{"start":{"line":9,"column":0},"end":{"line":9,"column":0}},"9":{"start":{"line":10,"column":0},"end":{"line":10,"column":23}},"10":{"start":{"line":11,"column":0},"end":{"line":11,"column":24}},"11":{"start":{"line":12,"column":0},"end":{"line":12,"column":52}},"12":{"start":{"line":13,"column":0},"end":{"line":13,"column":30}},"13":{"start":{"line":14,"column":0},"end":{"line":14,"column":28}},"14":{"start":{"line":15,"column":0},"end":{"line":15,"column":0}},"15":{"start":{"line":16,"column":0},"end":{"line":16,"column":29}},"16":{"start":{"line":17,"column":0},"end":{"line":17,"column":54}},"17":{"start":{"line":18,"column":0},"end":{"line":18,"column":18}},"18":{"start":{"line":19,"column":0},"end":{"line":19,"column":37}},"19":{"start":{"line":20,"column":0},"end":{"line":20,"column":46}},"20":{"start":{"line":21,"column":0},"end":{"line":21,"column":6}},"21":{"start":{"line":22,"column":0},"end":{"line":22,"column":11}},"22":{"start":{"line":23,"column":0},"end":{"line":23,"column":3}},"23":{"start":{"line":24,"column":0},"end":{"line":24,"column":0}},"24":{"start":{"line":25,"column":0},"end":{"line":25,"column":63}},"25":{"start":{"line":26,"column":0},"end":{"line":26,"column":0}},"26":{"start":{"line":27,"column":0},"end":{"line":27,"column":35}},"27":{"start":{"line":28,"column":0},"end":{"line":28,"column":16}},"28":{"start":{"line":29,"column":0},"end":{"line":29,"column":0}},"29":{"start":{"line":30,"column":0},"end":{"line":30,"column":2}},"30":{"start":{"line":31,"column":0},"end":{"line":31,"column":70}},"31":{"start":{"line":32,"column":0},"end":{"line":32,"column":0}},"32":{"start":{"line":33,"column":0},"end":{"line":33,"column":21}}},"s":{"0":1,"1":1,"2":1,"3":1,"4":1,"5":1,"6":1,"7":1,"8":1,"9":1,"10":1,"11":1,"12":1,"13":1,"14":1,"15":1,"16":57,"17":57,"18":57,"19":57,"20":57,"21":57,"22":57,"23":1,"24":1,"25":1,"26":1,"27":1,"28":1,"29":1,"30":1,"31":1,"32":1},"branchMap":{"0":{"type":"branch","line":16,"loc":{"start":{"line":16,"column":8},"end":{"line":23,"column":3}},"locations":[{"start":{"line":16,"column":8},"end":{"line":23,"column":3}}]},"1":{"type":"branch","line":31,"loc":{"start":{"line":31,"column":17},"end":{"line":31,"column":30}},"locations":[{"start":{"line":31,"column":17},"end":{"line":31,"column":30}}]}},"b":{"0":[57],"1":[1]},"fnMap":{},"f":{}}
,"C:\\Users\\lenovo\\Documents\\Studi Independen\\Chapter 6\\coba\\challenge\\router.js": {"path":"C:\\Users\\lenovo\\Documents\\Studi Independen\\Chapter 6\\coba\\challenge\\router.js","all":false,"statementMap":{"0":{"start":{"line":1,"column":0},"end":{"line":1,"column":43}},"1":{"start":{"line":2,"column":0},"end":{"line":2,"column":56}},"2":{"start":{"line":3,"column":0},"end":{"line":3,"column":65}},"3":{"start":{"line":4,"column":0},"end":{"line":4,"column":65}},"4":{"start":{"line":5,"column":0},"end":{"line":5,"column":53}},"5":{"start":{"line":6,"column":0},"end":{"line":6,"column":0}},"6":{"start":{"line":7,"column":0},"end":{"line":7,"column":0}},"7":{"start":{"line":8,"column":0},"end":{"line":8,"column":8}},"8":{"start":{"line":9,"column":0},"end":{"line":9,"column":27}},"9":{"start":{"line":10,"column":0},"end":{"line":10,"column":34}},"10":{"start":{"line":11,"column":0},"end":{"line":11,"column":0}},"11":{"start":{"line":12,"column":0},"end":{"line":12,"column":9}},"12":{"start":{"line":13,"column":0},"end":{"line":13,"column":55}},"13":{"start":{"line":14,"column":0},"end":{"line":14,"column":57}},"14":{"start":{"line":15,"column":0},"end":{"line":15,"column":58}},"15":{"start":{"line":16,"column":0},"end":{"line":16,"column":58}},"16":{"start":{"line":17,"column":0},"end":{"line":17,"column":61}},"17":{"start":{"line":18,"column":0},"end":{"line":18,"column":67}},"18":{"start":{"line":19,"column":0},"end":{"line":19,"column":0}},"19":{"start":{"line":20,"column":0},"end":{"line":20,"column":68}},"20":{"start":{"line":21,"column":0},"end":{"line":21,"column":72}},"21":{"start":{"line":22,"column":0},"end":{"line":22,"column":72}},"22":{"start":{"line":23,"column":0},"end":{"line":23,"column":0}},"23":{"start":{"line":24,"column":0},"end":{"line":24,"column":70}},"24":{"start":{"line":25,"column":0},"end":{"line":25,"column":82}},"25":{"start":{"line":26,"column":0},"end":{"line":26,"column":85}},"26":{"start":{"line":27,"column":0},"end":{"line":27,"column":72}},"27":{"start":{"line":28,"column":0},"end":{"line":28,"column":73}},"28":{"start":{"line":29,"column":0},"end":{"line":29,"column":86}},"29":{"start":{"line":30,"column":0},"end":{"line":30,"column":0}},"30":{"start":{"line":31,"column":0},"end":{"line":31,"column":6}},"31":{"start":{"line":32,"column":0},"end":{"line":32,"column":39}},"32":{"start":{"line":33,"column":0},"end":{"line":33,"column":42}},"33":{"start":{"line":34,"column":0},"end":{"line":34,"column":38}},"34":{"start":{"line":35,"column":0},"end":{"line":35,"column":44}},"35":{"start":{"line":36,"column":0},"end":{"line":36,"column":47}},"36":{"start":{"line":37,"column":0},"end":{"line":37,"column":0}},"37":{"start":{"line":38,"column":0},"end":{"line":38,"column":47}},"38":{"start":{"line":39,"column":0},"end":{"line":39,"column":47}},"39":{"start":{"line":40,"column":0},"end":{"line":40,"column":49}},"40":{"start":{"line":41,"column":0},"end":{"line":41,"column":52}},"41":{"start":{"line":42,"column":0},"end":{"line":42,"column":0}},"42":{"start":{"line":43,"column":0},"end":{"line":43,"column":49}},"43":{"start":{"line":44,"column":0},"end":{"line":44,"column":56}},"44":{"start":{"line":45,"column":0},"end":{"line":45,"column":48}},"45":{"start":{"line":46,"column":0},"end":{"line":46,"column":58}},"46":{"start":{"line":47,"column":0},"end":{"line":47,"column":61}},"47":{"start":{"line":48,"column":0},"end":{"line":48,"column":0}},"48":{"start":{"line":49,"column":0},"end":{"line":49,"column":24}}},"s":{"0":1,"1":1,"2":1,"3":1,"4":1,"5":1,"6":1,"7":1,"8":1,"9":1,"10":1,"11":1,"12":1,"13":1,"14":1,"15":1,"16":1,"17":1,"18":1,"19":1,"20":1,"21":1,"22":1,"23":1,"24":1,"25":1,"26":1,"27":1,"28":1,"29":1,"30":1,"31":1,"32":1,"33":1,"34":1,"35":1,"36":1,"37":1,"38":1,"39":1,"40":1,"41":1,"42":1,"43":1,"44":1,"45":1,"46":1,"47":1,"48":1},"branchMap":{},"b":{},"fnMap":{},"f":{}}
,"C:\\Users\\lenovo\\Documents\\Studi Independen\\Chapter 6\\coba\\challenge\\controller\\baseController.js": {"path":"C:\\Users\\lenovo\\Documents\\Studi Independen\\Chapter 6\\coba\\challenge\\controller\\baseController.js","all":false,"statementMap":{"0":{"start":{"line":1,"column":0},"end":{"line":1,"column":18}},"1":{"start":{"line":2,"column":0},"end":{"line":2,"column":26}},"2":{"start":{"line":3,"column":0},"end":{"line":3,"column":30}},"3":{"start":{"line":4,"column":0},"end":{"line":4,"column":25}},"4":{"start":{"line":5,"column":0},"end":{"line":5,"column":35}},"5":{"start":{"line":6,"column":0},"end":{"line":6,"column":10}},"6":{"start":{"line":7,"column":0},"end":{"line":7,"column":6}},"7":{"start":{"line":8,"column":0},"end":{"line":8,"column":24}},"8":{"start":{"line":9,"column":0},"end":{"line":9,"column":30}},"9":{"start":{"line":10,"column":0},"end":{"line":10,"column":25}},"10":{"start":{"line":11,"column":0},"end":{"line":11,"column":46}},"11":{"start":{"line":12,"column":0},"end":{"line":12,"column":83}},"12":{"start":{"line":13,"column":0},"end":{"line":13,"column":10}},"13":{"start":{"line":14,"column":0},"end":{"line":14,"column":5}},"14":{"start":{"line":15,"column":0},"end":{"line":15,"column":1}}},"s":{"0":1,"1":1,"2":1,"3":1,"4":1,"5":1,"6":1,"7":1,"8":1,"9":1,"10":1,"11":1,"12":1,"13":1,"14":1},"branchMap":{"0":{"type":"branch","line":2,"loc":{"start":{"line":2,"column":11},"end":{"line":7,"column":6}},"locations":[{"start":{"line":2,"column":11},"end":{"line":7,"column":6}}]},"1":{"type":"branch","line":8,"loc":{"start":{"line":8,"column":9},"end":{"line":14,"column":5}},"locations":[{"start":{"line":8,"column":9},"end":{"line":14,"column":5}}]}},"b":{"0":[1],"1":[1]},"fnMap":{"0":{"name":"index","decl":{"start":{"line":2,"column":11},"end":{"line":7,"column":6}},"loc":{"start":{"line":2,"column":11},"end":{"line":7,"column":6}},"line":2},"1":{"name":"sum","decl":{"start":{"line":8,"column":9},"end":{"line":14,"column":5}},"loc":{"start":{"line":8,"column":9},"end":{"line":14,"column":5}},"line":8}},"f":{"0":1,"1":1}}
,"C:\\Users\\lenovo\\Documents\\Studi Independen\\Chapter 6\\coba\\challenge\\controller\\loginController.js": {"path":"C:\\Users\\lenovo\\Documents\\Studi Independen\\Chapter 6\\coba\\challenge\\controller\\loginController.js","all":false,"statementMap":{"0":{"start":{"line":1,"column":0},"end":{"line":1,"column":42}},"1":{"start":{"line":2,"column":0},"end":{"line":2,"column":18}},"2":{"start":{"line":3,"column":0},"end":{"line":3,"column":0}},"3":{"start":{"line":4,"column":0},"end":{"line":4,"column":18}},"4":{"start":{"line":5,"column":0},"end":{"line":5,"column":31}},"5":{"start":{"line":6,"column":0},"end":{"line":6,"column":19}},"6":{"start":{"line":7,"column":0},"end":{"line":7,"column":49}},"7":{"start":{"line":8,"column":0},"end":{"line":8,"column":16}},"8":{"start":{"line":9,"column":0},"end":{"line":9,"column":50}},"9":{"start":{"line":10,"column":0},"end":{"line":10,"column":9}},"10":{"start":{"line":11,"column":0},"end":{"line":11,"column":6}},"11":{"start":{"line":12,"column":0},"end":{"line":12,"column":0}},"12":{"start":{"line":13,"column":0},"end":{"line":13,"column":33}},"13":{"start":{"line":14,"column":0},"end":{"line":14,"column":19}},"14":{"start":{"line":15,"column":0},"end":{"line":15,"column":49}},"15":{"start":{"line":16,"column":0},"end":{"line":16,"column":16}},"16":{"start":{"line":17,"column":0},"end":{"line":17,"column":19}},"17":{"start":{"line":18,"column":0},"end":{"line":18,"column":9}},"18":{"start":{"line":19,"column":0},"end":{"line":19,"column":6}},"19":{"start":{"line":20,"column":0},"end":{"line":20,"column":0}},"20":{"start":{"line":21,"column":0},"end":{"line":21,"column":32}},"21":{"start":{"line":22,"column":0},"end":{"line":22,"column":48}},"22":{"start":{"line":23,"column":0},"end":{"line":23,"column":25}},"23":{"start":{"line":24,"column":0},"end":{"line":24,"column":64}},"24":{"start":{"line":25,"column":0},"end":{"line":25,"column":9}},"25":{"start":{"line":26,"column":0},"end":{"line":26,"column":25}},"26":{"start":{"line":27,"column":0},"end":{"line":27,"column":31}},"27":{"start":{"line":28,"column":0},"end":{"line":28,"column":32}},"28":{"start":{"line":29,"column":0},"end":{"line":29,"column":28}},"29":{"start":{"line":30,"column":0},"end":{"line":30,"column":42}},"30":{"start":{"line":31,"column":0},"end":{"line":31,"column":20}},"31":{"start":{"line":32,"column":0},"end":{"line":32,"column":33}},"32":{"start":{"line":33,"column":0},"end":{"line":33,"column":13}},"33":{"start":{"line":34,"column":0},"end":{"line":34,"column":10}},"34":{"start":{"line":35,"column":0},"end":{"line":35,"column":23}},"35":{"start":{"line":36,"column":0},"end":{"line":36,"column":34}},"36":{"start":{"line":37,"column":0},"end":{"line":37,"column":10}},"37":{"start":{"line":38,"column":0},"end":{"line":38,"column":5}},"38":{"start":{"line":39,"column":0},"end":{"line":39,"column":1}}},"s":{"0":1,"1":1,"2":1,"3":1,"4":1,"5":2,"6":1,"7":1,"8":1,"9":1,"10":2,"11":1,"12":1,"13":27,"14":26,"15":26,"16":26,"17":26,"18":27,"19":1,"20":1,"21":3,"22":3,"23":3,"24":3,"25":3,"26":2,"27":2,"28":1,"29":1,"30":1,"31":1,"32":1,"33":2,"34":3,"35":1,"36":1,"37":3,"38":1},"branchMap":{"0":{"type":"branch","line":5,"loc":{"start":{"line":5,"column":10},"end":{"line":11,"column":6}},"locations":[{"start":{"line":5,"column":10},"end":{"line":11,"column":6}}]},"1":{"type":"branch","line":6,"loc":{"start":{"line":6,"column":18},"end":{"line":10,"column":9}},"locations":[{"start":{"line":6,"column":18},"end":{"line":10,"column":9}}]},"2":{"type":"branch","line":13,"loc":{"start":{"line":13,"column":12},"end":{"line":19,"column":6}},"locations":[{"start":{"line":13,"column":12},"end":{"line":19,"column":6}}]},"3":{"type":"branch","line":14,"loc":{"start":{"line":14,"column":18},"end":{"line":16,"column":15}},"locations":[{"start":{"line":14,"column":18},"end":{"line":16,"column":15}}]},"4":{"type":"branch","line":14,"loc":{"start":{"line":14,"column":8},"end":{"line":18,"column":9}},"locations":[{"start":{"line":14,"column":8},"end":{"line":18,"column":9}}]},"5":{"type":"branch","line":21,"loc":{"start":{"line":21,"column":11},"end":{"line":38,"column":5}},"locations":[{"start":{"line":21,"column":11},"end":{"line":38,"column":5}}]},"6":{"type":"branch","line":26,"loc":{"start":{"line":26,"column":14},"end":{"line":34,"column":10}},"locations":[{"start":{"line":26,"column":14},"end":{"line":34,"column":10}}]},"7":{"type":"branch","line":28,"loc":{"start":{"line":28,"column":31},"end":{"line":33,"column":13}},"locations":[{"start":{"line":28,"column":31},"end":{"line":33,"column":13}}]},"8":{"type":"branch","line":35,"loc":{"start":{"line":35,"column":15},"end":{"line":37,"column":10}},"locations":[{"start":{"line":35,"column":15},"end":{"line":37,"column":10}}]}},"b":{"0":[2],"1":[1],"2":[27],"3":[1],"4":[26],"5":[3],"6":[2],"7":[1],"8":[1]},"fnMap":{"0":{"name":"form","decl":{"start":{"line":5,"column":10},"end":{"line":11,"column":6}},"loc":{"start":{"line":5,"column":10},"end":{"line":11,"column":6}},"line":5},"1":{"name":"signin","decl":{"start":{"line":13,"column":12},"end":{"line":19,"column":6}},"loc":{"start":{"line":13,"column":12},"end":{"line":19,"column":6}},"line":13},"2":{"name":"login","decl":{"start":{"line":21,"column":11},"end":{"line":38,"column":5}},"loc":{"start":{"line":21,"column":11},"end":{"line":38,"column":5}},"line":21}},"f":{"0":2,"1":27,"2":3}}
,"C:\\Users\\lenovo\\Documents\\Studi Independen\\Chapter 6\\coba\\challenge\\controller\\userGameBiodataController.js": {"path":"C:\\Users\\lenovo\\Documents\\Studi Independen\\Chapter 6\\coba\\challenge\\controller\\userGameBiodataController.js","all":false,"statementMap":{"0":{"start":{"line":1,"column":0},"end":{"line":1,"column":49}},"1":{"start":{"line":2,"column":0},"end":{"line":2,"column":0}},"2":{"start":{"line":3,"column":0},"end":{"line":3,"column":18}},"3":{"start":{"line":4,"column":0},"end":{"line":4,"column":19}},"4":{"start":{"line":5,"column":0},"end":{"line":5,"column":29}},"5":{"start":{"line":6,"column":0},"end":{"line":6,"column":33}},"6":{"start":{"line":7,"column":0},"end":{"line":7,"column":51}},"7":{"start":{"line":8,"column":0},"end":{"line":8,"column":10}},"8":{"start":{"line":9,"column":0},"end":{"line":9,"column":26}},"9":{"start":{"line":10,"column":0},"end":{"line":10,"column":35}},"10":{"start":{"line":11,"column":0},"end":{"line":11,"column":32}},"11":{"start":{"line":12,"column":0},"end":{"line":12,"column":27}},"12":{"start":{"line":13,"column":0},"end":{"line":13,"column":31}},"13":{"start":{"line":14,"column":0},"end":{"line":14,"column":34}},"14":{"start":{"line":15,"column":0},"end":{"line":15,"column":50}},"15":{"start":{"line":16,"column":0},"end":{"line":16,"column":17}},"16":{"start":{"line":17,"column":0},"end":{"line":17,"column":36}},"17":{"start":{"line":18,"column":0},"end":{"line":18,"column":13}},"18":{"start":{"line":19,"column":0},"end":{"line":19,"column":68}},"19":{"start":{"line":20,"column":0},"end":{"line":20,"column":10}},"20":{"start":{"line":21,"column":0},"end":{"line":21,"column":70}},"21":{"start":{"line":22,"column":0},"end":{"line":22,"column":6}},"22":{"start":{"line":23,"column":0},"end":{"line":23,"column":0}},"23":{"start":{"line":24,"column":0},"end":{"line":24,"column":31}},"24":{"start":{"line":25,"column":0},"end":{"line":25,"column":41}},"25":{"start":{"line":26,"column":0},"end":{"line":26,"column":31}},"26":{"start":{"line":27,"column":0},"end":{"line":27,"column":28}},"27":{"start":{"line":28,"column":0},"end":{"line":28,"column":43}},"28":{"start":{"line":29,"column":0},"end":{"line":29,"column":9}},"29":{"start":{"line":30,"column":0},"end":{"line":30,"column":23}},"30":{"start":{"line":31,"column":0},"end":{"line":31,"column":50}},"31":{"start":{"line":32,"column":0},"end":{"line":32,"column":10}},"32":{"start":{"line":33,"column":0},"end":{"line":33,"column":25}},"33":{"start":{"line":34,"column":0},"end":{"line":34,"column":30}},"34":{"start":{"line":35,"column":0},"end":{"line":35,"column":55}},"35":{"start":{"line":36,"column":0},"end":{"line":36,"column":10}},"36":{"start":{"line":37,"column":0},"end":{"line":37,"column":6}},"37":{"start":{"line":38,"column":0},"end":{"line":38,"column":0}},"38":{"start":{"line":39,"column":0},"end":{"line":39,"column":28}},"39":{"start":{"line":40,"column":0},"end":{"line":40,"column":40}},"40":{"start":{"line":41,"column":0},"end":{"line":41,"column":31}},"41":{"start":{"line":42,"column":0},"end":{"line":42,"column":56}},"42":{"start":{"line":43,"column":0},"end":{"line":43,"column":9}},"43":{"start":{"line":44,"column":0},"end":{"line":44,"column":26}},"44":{"start":{"line":45,"column":0},"end":{"line":45,"column":65}},"45":{"start":{"line":46,"column":0},"end":{"line":46,"column":10}},"46":{"start":{"line":47,"column":0},"end":{"line":47,"column":25}},"47":{"start":{"line":48,"column":0},"end":{"line":48,"column":30}},"48":{"start":{"line":49,"column":0},"end":{"line":49,"column":57}},"49":{"start":{"line":50,"column":0},"end":{"line":50,"column":10}},"50":{"start":{"line":51,"column":0},"end":{"line":51,"column":6}},"51":{"start":{"line":52,"column":0},"end":{"line":52,"column":0}},"52":{"start":{"line":53,"column":0},"end":{"line":53,"column":18}},"53":{"start":{"line":54,"column":0},"end":{"line":54,"column":28}},"54":{"start":{"line":55,"column":0},"end":{"line":55,"column":33}},"55":{"start":{"line":56,"column":0},"end":{"line":56,"column":51}},"56":{"start":{"line":57,"column":0},"end":{"line":57,"column":10}},"57":{"start":{"line":58,"column":0},"end":{"line":58,"column":26}},"58":{"start":{"line":59,"column":0},"end":{"line":59,"column":32}},"59":{"start":{"line":60,"column":0},"end":{"line":60,"column":83}},"60":{"start":{"line":61,"column":0},"end":{"line":61,"column":20}},"61":{"start":{"line":62,"column":0},"end":{"line":62,"column":94}},"62":{"start":{"line":63,"column":0},"end":{"line":63,"column":13}},"63":{"start":{"line":64,"column":0},"end":{"line":64,"column":10}},"64":{"start":{"line":65,"column":0},"end":{"line":65,"column":23}},"65":{"start":{"line":66,"column":0},"end":{"line":66,"column":51}},"66":{"start":{"line":67,"column":0},"end":{"line":67,"column":10}},"67":{"start":{"line":68,"column":0},"end":{"line":68,"column":6}},"68":{"start":{"line":69,"column":0},"end":{"line":69,"column":0}},"69":{"start":{"line":70,"column":0},"end":{"line":70,"column":30}},"70":{"start":{"line":71,"column":0},"end":{"line":71,"column":41}},"71":{"start":{"line":72,"column":0},"end":{"line":72,"column":33}},"72":{"start":{"line":73,"column":0},"end":{"line":73,"column":51}},"73":{"start":{"line":74,"column":0},"end":{"line":74,"column":10}},"74":{"start":{"line":75,"column":0},"end":{"line":75,"column":27}},"75":{"start":{"line":76,"column":0},"end":{"line":76,"column":33}},"76":{"start":{"line":77,"column":0},"end":{"line":77,"column":90}},"77":{"start":{"line":78,"column":0},"end":{"line":78,"column":20}},"78":{"start":{"line":79,"column":0},"end":{"line":79,"column":39}},"79":{"start":{"line":80,"column":0},"end":{"line":80,"column":36}},"80":{"start":{"line":81,"column":0},"end":{"line":81,"column":61}},"81":{"start":{"line":82,"column":0},"end":{"line":82,"column":17}},"82":{"start":{"line":83,"column":0},"end":{"line":83,"column":34}},"83":{"start":{"line":84,"column":0},"end":{"line":84,"column":101}},"84":{"start":{"line":85,"column":0},"end":{"line":85,"column":18}},"85":{"start":{"line":86,"column":0},"end":{"line":86,"column":33}},"86":{"start":{"line":87,"column":0},"end":{"line":87,"column":59}},"87":{"start":{"line":88,"column":0},"end":{"line":88,"column":18}},"88":{"start":{"line":89,"column":0},"end":{"line":89,"column":13}},"89":{"start":{"line":90,"column":0},"end":{"line":90,"column":10}},"90":{"start":{"line":91,"column":0},"end":{"line":91,"column":23}},"91":{"start":{"line":92,"column":0},"end":{"line":92,"column":51}},"92":{"start":{"line":93,"column":0},"end":{"line":93,"column":10}},"93":{"start":{"line":94,"column":0},"end":{"line":94,"column":6}},"94":{"start":{"line":95,"column":0},"end":{"line":95,"column":0}},"95":{"start":{"line":96,"column":0},"end":{"line":96,"column":27}},"96":{"start":{"line":97,"column":0},"end":{"line":97,"column":40}},"97":{"start":{"line":98,"column":0},"end":{"line":98,"column":33}},"98":{"start":{"line":99,"column":0},"end":{"line":99,"column":51}},"99":{"start":{"line":100,"column":0},"end":{"line":100,"column":10}},"100":{"start":{"line":101,"column":0},"end":{"line":101,"column":27}},"101":{"start":{"line":102,"column":0},"end":{"line":102,"column":34}},"102":{"start":{"line":103,"column":0},"end":{"line":103,"column":90}},"103":{"start":{"line":104,"column":0},"end":{"line":104,"column":20}},"104":{"start":{"line":105,"column":0},"end":{"line":105,"column":39}},"105":{"start":{"line":106,"column":0},"end":{"line":106,"column":64}},"106":{"start":{"line":107,"column":0},"end":{"line":107,"column":17}},"107":{"start":{"line":108,"column":0},"end":{"line":108,"column":34}},"108":{"start":{"line":109,"column":0},"end":{"line":109,"column":100}},"109":{"start":{"line":110,"column":0},"end":{"line":110,"column":18}},"110":{"start":{"line":111,"column":0},"end":{"line":111,"column":33}},"111":{"start":{"line":112,"column":0},"end":{"line":112,"column":38}},"112":{"start":{"line":113,"column":0},"end":{"line":113,"column":65}},"113":{"start":{"line":114,"column":0},"end":{"line":114,"column":20}},"114":{"start":{"line":115,"column":0},"end":{"line":115,"column":13}},"115":{"start":{"line":116,"column":0},"end":{"line":116,"column":10}},"116":{"start":{"line":117,"column":0},"end":{"line":117,"column":23}},"117":{"start":{"line":118,"column":0},"end":{"line":118,"column":51}},"118":{"start":{"line":119,"column":0},"end":{"line":119,"column":10}},"119":{"start":{"line":120,"column":0},"end":{"line":120,"column":6}},"120":{"start":{"line":121,"column":0},"end":{"line":121,"column":0}},"121":{"start":{"line":122,"column":0},"end":{"line":122,"column":30}},"122":{"start":{"line":123,"column":0},"end":{"line":123,"column":32}},"123":{"start":{"line":124,"column":0},"end":{"line":124,"column":51}},"124":{"start":{"line":125,"column":0},"end":{"line":125,"column":9}},"125":{"start":{"line":126,"column":0},"end":{"line":126,"column":26}},"126":{"start":{"line":127,"column":0},"end":{"line":127,"column":90}},"127":{"start":{"line":128,"column":0},"end":{"line":128,"column":10}},"128":{"start":{"line":129,"column":0},"end":{"line":129,"column":25}},"129":{"start":{"line":130,"column":0},"end":{"line":130,"column":60}},"130":{"start":{"line":131,"column":0},"end":{"line":131,"column":10}},"131":{"start":{"line":132,"column":0},"end":{"line":132,"column":5}},"132":{"start":{"line":133,"column":0},"end":{"line":133,"column":1}}},"s":{"0":1,"1":1,"2":1,"3":1,"4":1,"5":2,"6":2,"7":2,"8":2,"9":1,"10":1,"11":0,"12":0,"13":0,"14":0,"15":0,"16":0,"17":0,"18":1,"19":1,"20":2,"21":2,"22":1,"23":1,"24":2,"25":2,"26":2,"27":2,"28":2,"29":2,"30":1,"31":1,"32":2,"33":1,"34":1,"35":1,"36":2,"37":1,"38":1,"39":3,"40":3,"41":3,"42":3,"43":3,"44":2,"45":2,"46":3,"47":1,"48":1,"49":1,"50":3,"51":1,"52":1,"53":1,"54":3,"55":3,"56":3,"57":3,"58":2,"59":1,"60":1,"61":1,"62":1,"63":2,"64":3,"65":1,"66":1,"67":3,"68":1,"69":1,"70":4,"71":4,"72":4,"73":4,"74":4,"75":3,"76":2,"77":2,"78":2,"79":2,"80":2,"81":2,"82":2,"83":2,"84":2,"85":2,"86":0,"87":0,"88":2,"89":3,"90":4,"91":1,"92":1,"93":4,"94":1,"95":1,"96":3,"97":3,"98":3,"99":3,"100":3,"101":2,"102":0,"103":0,"104":0,"105":0,"106":0,"107":0,"108":0,"109":0,"110":0,"111":0,"112":0,"113":0,"114":0,"115":2,"116":3,"117":1,"118":1,"119":3,"120":1,"121":1,"122":2,"123":2,"124":2,"125":2,"126":1,"127":1,"128":2,"129":1,"130":1,"131":2,"132":1},"branchMap":{"0":{"type":"branch","line":5,"loc":{"start":{"line":5,"column":14},"end":{"line":22,"column":6}},"locations":[{"start":{"line":5,"column":14},"end":{"line":22,"column":6}}]},"1":{"type":"branch","line":9,"loc":{"start":{"line":9,"column":14},"end":{"line":20,"column":10}},"locations":[{"start":{"line":9,"column":14},"end":{"line":20,"column":10}}]},"2":{"type":"branch","line":11,"loc":{"start":{"line":11,"column":31},"end":{"line":18,"column":13}},"locations":[{"start":{"line":11,"column":31},"end":{"line":18,"column":13}}]},"3":{"type":"branch","line":21,"loc":{"start":{"line":21,"column":15},"end":{"line":21,"column":25}},"locations":[{"start":{"line":21,"column":15},"end":{"line":21,"column":25}}]},"4":{"type":"branch","line":24,"loc":{"start":{"line":24,"column":16},"end":{"line":37,"column":6}},"locations":[{"start":{"line":24,"column":16},"end":{"line":37,"column":6}}]},"5":{"type":"branch","line":30,"loc":{"start":{"line":30,"column":14},"end":{"line":32,"column":10}},"locations":[{"start":{"line":30,"column":14},"end":{"line":32,"column":10}}]},"6":{"type":"branch","line":33,"loc":{"start":{"line":33,"column":16},"end":{"line":36,"column":10}},"locations":[{"start":{"line":33,"column":16},"end":{"line":36,"column":10}}]},"7":{"type":"branch","line":39,"loc":{"start":{"line":39,"column":13},"end":{"line":51,"column":6}},"locations":[{"start":{"line":39,"column":13},"end":{"line":51,"column":6}}]},"8":{"type":"branch","line":44,"loc":{"start":{"line":44,"column":14},"end":{"line":46,"column":10}},"locations":[{"start":{"line":44,"column":14},"end":{"line":46,"column":10}}]},"9":{"type":"branch","line":47,"loc":{"start":{"line":47,"column":16},"end":{"line":50,"column":10}},"locations":[{"start":{"line":47,"column":16},"end":{"line":50,"column":10}}]},"10":{"type":"branch","line":54,"loc":{"start":{"line":54,"column":13},"end":{"line":68,"column":6}},"locations":[{"start":{"line":54,"column":13},"end":{"line":68,"column":6}}]},"11":{"type":"branch","line":58,"loc":{"start":{"line":58,"column":14},"end":{"line":64,"column":10}},"locations":[{"start":{"line":58,"column":14},"end":{"line":64,"column":10}}]},"12":{"type":"branch","line":59,"loc":{"start":{"line":59,"column":31},"end":{"line":63,"column":13}},"locations":[{"start":{"line":59,"column":31},"end":{"line":63,"column":13}}]},"13":{"type":"branch","line":65,"loc":{"start":{"line":65,"column":15},"end":{"line":67,"column":10}},"locations":[{"start":{"line":65,"column":15},"end":{"line":67,"column":10}}]},"14":{"type":"branch","line":70,"loc":{"start":{"line":70,"column":15},"end":{"line":94,"column":6}},"locations":[{"start":{"line":70,"column":15},"end":{"line":94,"column":6}}]},"15":{"type":"branch","line":75,"loc":{"start":{"line":75,"column":14},"end":{"line":90,"column":10}},"locations":[{"start":{"line":75,"column":14},"end":{"line":90,"column":10}}]},"16":{"type":"branch","line":76,"loc":{"start":{"line":76,"column":32},"end":{"line":78,"column":19}},"locations":[{"start":{"line":76,"column":32},"end":{"line":78,"column":19}}]},"17":{"type":"branch","line":76,"loc":{"start":{"line":76,"column":12},"end":{"line":89,"column":13}},"locations":[{"start":{"line":76,"column":12},"end":{"line":89,"column":13}}]},"18":{"type":"branch","line":83,"loc":{"start":{"line":83,"column":22},"end":{"line":85,"column":18}},"locations":[{"start":{"line":83,"column":22},"end":{"line":85,"column":18}}]},"19":{"type":"branch","line":91,"loc":{"start":{"line":91,"column":15},"end":{"line":93,"column":10}},"locations":[{"start":{"line":91,"column":15},"end":{"line":93,"column":10}}]},"20":{"type":"branch","line":96,"loc":{"start":{"line":96,"column":12},"end":{"line":120,"column":6}},"locations":[{"start":{"line":96,"column":12},"end":{"line":120,"column":6}}]},"21":{"type":"branch","line":101,"loc":{"start":{"line":101,"column":14},"end":{"line":116,"column":10}},"locations":[{"start":{"line":101,"column":14},"end":{"line":116,"column":10}}]},"22":{"type":"branch","line":102,"loc":{"start":{"line":102,"column":12},"end":{"line":115,"column":13}},"locations":[{"start":{"line":102,"column":12},"end":{"line":115,"column":13}}]},"23":{"type":"branch","line":117,"loc":{"start":{"line":117,"column":15},"end":{"line":119,"column":10}},"locations":[{"start":{"line":117,"column":15},"end":{"line":119,"column":10}}]},"24":{"type":"branch","line":122,"loc":{"start":{"line":122,"column":15},"end":{"line":132,"column":5}},"locations":[{"start":{"line":122,"column":15},"end":{"line":132,"column":5}}]},"25":{"type":"branch","line":126,"loc":{"start":{"line":126,"column":14},"end":{"line":128,"column":10}},"locations":[{"start":{"line":126,"column":14},"end":{"line":128,"column":10}}]},"26":{"type":"branch","line":129,"loc":{"start":{"line":129,"column":16},"end":{"line":131,"column":10}},"locations":[{"start":{"line":129,"column":16},"end":{"line":131,"column":10}}]}},"b":{"0":[2],"1":[1],"2":[0],"3":[1],"4":[2],"5":[1],"6":[1],"7":[3],"8":[2],"9":[1],"10":[3],"11":[2],"12":[1],"13":[1],"14":[4],"15":[3],"16":[1],"17":[2],"18":[2],"19":[1],"20":[3],"21":[2],"22":[0],"23":[1],"24":[2],"25":[1],"26":[1]},"fnMap":{"0":{"name":"showView","decl":{"start":{"line":5,"column":14},"end":{"line":22,"column":6}},"loc":{"start":{"line":5,"column":14},"end":{"line":22,"column":6}},"line":5},"1":{"name":"updateView","decl":{"start":{"line":24,"column":16},"end":{"line":37,"column":6}},"loc":{"start":{"line":24,"column":16},"end":{"line":37,"column":6}},"line":24},"2":{"name":"addView","decl":{"start":{"line":39,"column":13},"end":{"line":51,"column":6}},"loc":{"start":{"line":39,"column":13},"end":{"line":51,"column":6}},"line":39},"3":{"name":"showApi","decl":{"start":{"line":54,"column":13},"end":{"line":68,"column":6}},"loc":{"start":{"line":54,"column":13},"end":{"line":68,"column":6}},"line":54},"4":{"name":"updateApi","decl":{"start":{"line":70,"column":15},"end":{"line":94,"column":6}},"loc":{"start":{"line":70,"column":15},"end":{"line":94,"column":6}},"line":70},"5":{"name":"addApi","decl":{"start":{"line":96,"column":12},"end":{"line":120,"column":6}},"loc":{"start":{"line":96,"column":12},"end":{"line":120,"column":6}},"line":96},"6":{"name":"deleteApi","decl":{"start":{"line":122,"column":15},"end":{"line":132,"column":5}},"loc":{"start":{"line":122,"column":15},"end":{"line":132,"column":5}},"line":122}},"f":{"0":2,"1":2,"2":3,"3":3,"4":4,"5":3,"6":2}}
,"C:\\Users\\lenovo\\Documents\\Studi Independen\\Chapter 6\\coba\\challenge\\controller\\userGameController.js": {"path":"C:\\Users\\lenovo\\Documents\\Studi Independen\\Chapter 6\\coba\\challenge\\controller\\userGameController.js","all":false,"statementMap":{"0":{"start":{"line":1,"column":0},"end":{"line":1,"column":42}},"1":{"start":{"line":2,"column":0},"end":{"line":2,"column":0}},"2":{"start":{"line":3,"column":0},"end":{"line":3,"column":18}},"3":{"start":{"line":4,"column":0},"end":{"line":4,"column":16}},"4":{"start":{"line":5,"column":0},"end":{"line":5,"column":36}},"5":{"start":{"line":6,"column":0},"end":{"line":6,"column":46}},"6":{"start":{"line":7,"column":0},"end":{"line":7,"column":37}},"7":{"start":{"line":8,"column":0},"end":{"line":8,"column":10}},"8":{"start":{"line":9,"column":0},"end":{"line":9,"column":62}},"9":{"start":{"line":10,"column":0},"end":{"line":10,"column":27}},"10":{"start":{"line":11,"column":0},"end":{"line":11,"column":12}},"11":{"start":{"line":12,"column":0},"end":{"line":12,"column":13}},"12":{"start":{"line":13,"column":0},"end":{"line":13,"column":6}},"13":{"start":{"line":14,"column":0},"end":{"line":14,"column":0}},"14":{"start":{"line":15,"column":0},"end":{"line":15,"column":29}},"15":{"start":{"line":16,"column":0},"end":{"line":16,"column":26}},"16":{"start":{"line":17,"column":0},"end":{"line":17,"column":41}},"17":{"start":{"line":18,"column":0},"end":{"line":18,"column":10}},"18":{"start":{"line":19,"column":0},"end":{"line":19,"column":23}},"19":{"start":{"line":20,"column":0},"end":{"line":20,"column":48}},"20":{"start":{"line":21,"column":0},"end":{"line":21,"column":10}},"21":{"start":{"line":22,"column":0},"end":{"line":22,"column":23}},"22":{"start":{"line":23,"column":0},"end":{"line":23,"column":30}},"23":{"start":{"line":24,"column":0},"end":{"line":24,"column":56}},"24":{"start":{"line":25,"column":0},"end":{"line":25,"column":10}},"25":{"start":{"line":26,"column":0},"end":{"line":26,"column":6}},"26":{"start":{"line":27,"column":0},"end":{"line":27,"column":0}},"27":{"start":{"line":28,"column":0},"end":{"line":28,"column":28}},"28":{"start":{"line":29,"column":0},"end":{"line":29,"column":35}},"29":{"start":{"line":30,"column":0},"end":{"line":30,"column":6}},"30":{"start":{"line":31,"column":0},"end":{"line":31,"column":0}},"31":{"start":{"line":32,"column":0},"end":{"line":32,"column":28}},"32":{"start":{"line":33,"column":0},"end":{"line":33,"column":46}},"33":{"start":{"line":34,"column":0},"end":{"line":34,"column":24}},"34":{"start":{"line":35,"column":0},"end":{"line":35,"column":32}},"35":{"start":{"line":36,"column":0},"end":{"line":36,"column":9}},"36":{"start":{"line":37,"column":0},"end":{"line":37,"column":23}},"37":{"start":{"line":38,"column":0},"end":{"line":38,"column":38}},"38":{"start":{"line":39,"column":0},"end":{"line":39,"column":10}},"39":{"start":{"line":40,"column":0},"end":{"line":40,"column":64}},"40":{"start":{"line":41,"column":0},"end":{"line":41,"column":6}},"41":{"start":{"line":42,"column":0},"end":{"line":42,"column":0}},"42":{"start":{"line":43,"column":0},"end":{"line":43,"column":31}},"43":{"start":{"line":44,"column":0},"end":{"line":44,"column":46}},"44":{"start":{"line":45,"column":0},"end":{"line":45,"column":24}},"45":{"start":{"line":46,"column":0},"end":{"line":46,"column":33}},"46":{"start":{"line":47,"column":0},"end":{"line":47,"column":43}},"47":{"start":{"line":48,"column":0},"end":{"line":48,"column":9}},"48":{"start":{"line":49,"column":0},"end":{"line":49,"column":23}},"49":{"start":{"line":50,"column":0},"end":{"line":50,"column":38}},"50":{"start":{"line":51,"column":0},"end":{"line":51,"column":10}},"51":{"start":{"line":52,"column":0},"end":{"line":52,"column":25}},"52":{"start":{"line":53,"column":0},"end":{"line":53,"column":54}},"53":{"start":{"line":54,"column":0},"end":{"line":54,"column":10}},"54":{"start":{"line":55,"column":0},"end":{"line":55,"column":6}},"55":{"start":{"line":56,"column":0},"end":{"line":56,"column":0}},"56":{"start":{"line":57,"column":0},"end":{"line":57,"column":31}},"57":{"start":{"line":58,"column":0},"end":{"line":58,"column":26}},"58":{"start":{"line":59,"column":0},"end":{"line":59,"column":41}},"59":{"start":{"line":60,"column":0},"end":{"line":60,"column":10}},"60":{"start":{"line":61,"column":0},"end":{"line":61,"column":23}},"61":{"start":{"line":62,"column":0},"end":{"line":62,"column":38}},"62":{"start":{"line":63,"column":0},"end":{"line":63,"column":10}},"63":{"start":{"line":64,"column":0},"end":{"line":64,"column":25}},"64":{"start":{"line":65,"column":0},"end":{"line":65,"column":54}},"65":{"start":{"line":66,"column":0},"end":{"line":66,"column":10}},"66":{"start":{"line":67,"column":0},"end":{"line":67,"column":6}},"67":{"start":{"line":68,"column":0},"end":{"line":68,"column":0}},"68":{"start":{"line":69,"column":0},"end":{"line":69,"column":15}},"69":{"start":{"line":70,"column":0},"end":{"line":70,"column":35}},"70":{"start":{"line":71,"column":0},"end":{"line":71,"column":46}},"71":{"start":{"line":72,"column":0},"end":{"line":72,"column":38}},"72":{"start":{"line":73,"column":0},"end":{"line":73,"column":63}},"73":{"start":{"line":74,"column":0},"end":{"line":74,"column":9}},"74":{"start":{"line":75,"column":0},"end":{"line":75,"column":9}},"75":{"start":{"line":76,"column":0},"end":{"line":76,"column":90}},"76":{"start":{"line":77,"column":0},"end":{"line":77,"column":24}},"77":{"start":{"line":78,"column":0},"end":{"line":78,"column":91}},"78":{"start":{"line":79,"column":0},"end":{"line":79,"column":10}},"79":{"start":{"line":80,"column":0},"end":{"line":80,"column":26}},"80":{"start":{"line":81,"column":0},"end":{"line":81,"column":52}},"81":{"start":{"line":82,"column":0},"end":{"line":82,"column":13}},"82":{"start":{"line":83,"column":0},"end":{"line":83,"column":6}},"83":{"start":{"line":84,"column":0},"end":{"line":84,"column":0}},"84":{"start":{"line":85,"column":0},"end":{"line":85,"column":34}},"85":{"start":{"line":86,"column":0},"end":{"line":86,"column":45}},"86":{"start":{"line":87,"column":0},"end":{"line":87,"column":41}},"87":{"start":{"line":88,"column":0},"end":{"line":88,"column":10}},"88":{"start":{"line":89,"column":0},"end":{"line":89,"column":87}},"89":{"start":{"line":90,"column":0},"end":{"line":90,"column":23}},"90":{"start":{"line":91,"column":0},"end":{"line":91,"column":81}},"91":{"start":{"line":92,"column":0},"end":{"line":92,"column":10}},"92":{"start":{"line":93,"column":0},"end":{"line":93,"column":23}},"93":{"start":{"line":94,"column":0},"end":{"line":94,"column":49}},"94":{"start":{"line":95,"column":0},"end":{"line":95,"column":10}},"95":{"start":{"line":96,"column":0},"end":{"line":96,"column":6}},"96":{"start":{"line":97,"column":0},"end":{"line":97,"column":0}},"97":{"start":{"line":98,"column":0},"end":{"line":98,"column":27}},"98":{"start":{"line":99,"column":0},"end":{"line":99,"column":46}},"99":{"start":{"line":100,"column":0},"end":{"line":100,"column":24}},"100":{"start":{"line":101,"column":0},"end":{"line":101,"column":32}},"101":{"start":{"line":102,"column":0},"end":{"line":102,"column":9}},"102":{"start":{"line":103,"column":0},"end":{"line":103,"column":23}},"103":{"start":{"line":104,"column":0},"end":{"line":104,"column":81}},"104":{"start":{"line":105,"column":0},"end":{"line":105,"column":10}},"105":{"start":{"line":106,"column":0},"end":{"line":106,"column":23}},"106":{"start":{"line":107,"column":0},"end":{"line":107,"column":49}},"107":{"start":{"line":108,"column":0},"end":{"line":108,"column":10}},"108":{"start":{"line":109,"column":0},"end":{"line":109,"column":6}},"109":{"start":{"line":110,"column":0},"end":{"line":110,"column":0}},"110":{"start":{"line":111,"column":0},"end":{"line":111,"column":30}},"111":{"start":{"line":112,"column":0},"end":{"line":112,"column":46}},"112":{"start":{"line":113,"column":0},"end":{"line":113,"column":24}},"113":{"start":{"line":114,"column":0},"end":{"line":114,"column":33}},"114":{"start":{"line":115,"column":0},"end":{"line":115,"column":43}},"115":{"start":{"line":116,"column":0},"end":{"line":116,"column":9}},"116":{"start":{"line":117,"column":0},"end":{"line":117,"column":23}},"117":{"start":{"line":118,"column":0},"end":{"line":118,"column":81}},"118":{"start":{"line":119,"column":0},"end":{"line":119,"column":10}},"119":{"start":{"line":120,"column":0},"end":{"line":120,"column":25}},"120":{"start":{"line":121,"column":0},"end":{"line":121,"column":49}},"121":{"start":{"line":122,"column":0},"end":{"line":122,"column":10}},"122":{"start":{"line":123,"column":0},"end":{"line":123,"column":6}},"123":{"start":{"line":124,"column":0},"end":{"line":124,"column":0}},"124":{"start":{"line":125,"column":0},"end":{"line":125,"column":30}},"125":{"start":{"line":126,"column":0},"end":{"line":126,"column":26}},"126":{"start":{"line":127,"column":0},"end":{"line":127,"column":41}},"127":{"start":{"line":128,"column":0},"end":{"line":128,"column":10}},"128":{"start":{"line":129,"column":0},"end":{"line":129,"column":23}},"129":{"start":{"line":130,"column":0},"end":{"line":130,"column":81}},"130":{"start":{"line":131,"column":0},"end":{"line":131,"column":10}},"131":{"start":{"line":132,"column":0},"end":{"line":132,"column":25}},"132":{"start":{"line":133,"column":0},"end":{"line":133,"column":49}},"133":{"start":{"line":134,"column":0},"end":{"line":134,"column":10}},"134":{"start":{"line":135,"column":0},"end":{"line":135,"column":5}},"135":{"start":{"line":136,"column":0},"end":{"line":136,"column":1}}},"s":{"0":1,"1":1,"2":1,"3":1,"4":1,"5":1,"6":1,"7":1,"8":1,"9":1,"10":1,"11":1,"12":1,"13":1,"14":1,"15":2,"16":2,"17":2,"18":2,"19":1,"20":1,"21":2,"22":1,"23":1,"24":1,"25":2,"26":1,"27":1,"28":1,"29":1,"30":1,"31":1,"32":0,"33":0,"34":0,"35":0,"36":0,"37":0,"38":0,"39":0,"40":0,"41":1,"42":1,"43":2,"44":2,"45":2,"46":2,"47":2,"48":2,"49":1,"50":1,"51":2,"52":1,"53":1,"54":2,"55":1,"56":1,"57":2,"58":2,"59":2,"60":2,"61":1,"62":1,"63":2,"64":1,"65":1,"66":2,"67":1,"68":1,"69":1,"70":1,"71":1,"72":1,"73":1,"74":1,"75":1,"76":1,"77":1,"78":1,"79":1,"80":1,"81":1,"82":1,"83":1,"84":1,"85":2,"86":2,"87":2,"88":2,"89":2,"90":1,"91":1,"92":2,"93":1,"94":1,"95":2,"96":1,"97":1,"98":0,"99":0,"100":0,"101":0,"102":0,"103":0,"104":0,"105":0,"106":0,"107":0,"108":0,"109":1,"110":1,"111":2,"112":2,"113":2,"114":2,"115":2,"116":2,"117":1,"118":1,"119":2,"120":1,"121":1,"122":2,"123":1,"124":1,"125":1,"126":1,"127":1,"128":1,"129":0,"130":0,"131":1,"132":1,"133":1,"134":1,"135":1},"branchMap":{"0":{"type":"branch","line":5,"loc":{"start":{"line":5,"column":15},"end":{"line":13,"column":6}},"locations":[{"start":{"line":5,"column":15},"end":{"line":13,"column":6}}]},"1":{"type":"branch","line":15,"loc":{"start":{"line":15,"column":14},"end":{"line":26,"column":6}},"locations":[{"start":{"line":15,"column":14},"end":{"line":26,"column":6}}]},"2":{"type":"branch","line":19,"loc":{"start":{"line":19,"column":14},"end":{"line":21,"column":10}},"locations":[{"start":{"line":19,"column":14},"end":{"line":21,"column":10}}]},"3":{"type":"branch","line":22,"loc":{"start":{"line":22,"column":15},"end":{"line":25,"column":10}},"locations":[{"start":{"line":22,"column":15},"end":{"line":25,"column":10}}]},"4":{"type":"branch","line":28,"loc":{"start":{"line":28,"column":13},"end":{"line":30,"column":6}},"locations":[{"start":{"line":28,"column":13},"end":{"line":30,"column":6}}]},"5":{"type":"branch","line":43,"loc":{"start":{"line":43,"column":16},"end":{"line":55,"column":6}},"locations":[{"start":{"line":43,"column":16},"end":{"line":55,"column":6}}]},"6":{"type":"branch","line":49,"loc":{"start":{"line":49,"column":14},"end":{"line":51,"column":10}},"locations":[{"start":{"line":49,"column":14},"end":{"line":51,"column":10}}]},"7":{"type":"branch","line":52,"loc":{"start":{"line":52,"column":16},"end":{"line":54,"column":10}},"locations":[{"start":{"line":52,"column":16},"end":{"line":54,"column":10}}]},"8":{"type":"branch","line":57,"loc":{"start":{"line":57,"column":16},"end":{"line":67,"column":6}},"locations":[{"start":{"line":57,"column":16},"end":{"line":67,"column":6}}]},"9":{"type":"branch","line":61,"loc":{"start":{"line":61,"column":14},"end":{"line":63,"column":10}},"locations":[{"start":{"line":61,"column":14},"end":{"line":63,"column":10}}]},"10":{"type":"branch","line":64,"loc":{"start":{"line":64,"column":16},"end":{"line":66,"column":10}},"locations":[{"start":{"line":64,"column":16},"end":{"line":66,"column":10}}]},"11":{"type":"branch","line":70,"loc":{"start":{"line":70,"column":14},"end":{"line":83,"column":6}},"locations":[{"start":{"line":70,"column":14},"end":{"line":83,"column":6}}]},"12":{"type":"branch","line":77,"loc":{"start":{"line":77,"column":14},"end":{"line":79,"column":10}},"locations":[{"start":{"line":77,"column":14},"end":{"line":79,"column":10}}]},"13":{"type":"branch","line":85,"loc":{"start":{"line":85,"column":13},"end":{"line":96,"column":6}},"locations":[{"start":{"line":85,"column":13},"end":{"line":96,"column":6}}]},"14":{"type":"branch","line":90,"loc":{"start":{"line":90,"column":14},"end":{"line":92,"column":10}},"locations":[{"start":{"line":90,"column":14},"end":{"line":92,"column":10}}]},"15":{"type":"branch","line":93,"loc":{"start":{"line":93,"column":15},"end":{"line":95,"column":10}},"locations":[{"start":{"line":93,"column":15},"end":{"line":95,"column":10}}]},"16":{"type":"branch","line":111,"loc":{"start":{"line":111,"column":15},"end":{"line":123,"column":6}},"locations":[{"start":{"line":111,"column":15},"end":{"line":123,"column":6}}]},"17":{"type":"branch","line":117,"loc":{"start":{"line":117,"column":14},"end":{"line":119,"column":10}},"locations":[{"start":{"line":117,"column":14},"end":{"line":119,"column":10}}]},"18":{"type":"branch","line":120,"loc":{"start":{"line":120,"column":16},"end":{"line":122,"column":10}},"locations":[{"start":{"line":120,"column":16},"end":{"line":122,"column":10}}]},"19":{"type":"branch","line":125,"loc":{"start":{"line":125,"column":15},"end":{"line":135,"column":5}},"locations":[{"start":{"line":125,"column":15},"end":{"line":135,"column":5}}]},"20":{"type":"branch","line":132,"loc":{"start":{"line":132,"column":16},"end":{"line":134,"column":10}},"locations":[{"start":{"line":132,"column":16},"end":{"line":134,"column":10}}]}},"b":{"0":[1],"1":[2],"2":[1],"3":[1],"4":[1],"5":[2],"6":[1],"7":[1],"8":[2],"9":[1],"10":[1],"11":[1],"12":[1],"13":[2],"14":[1],"15":[1],"16":[2],"17":[1],"18":[1],"19":[1],"20":[1]},"fnMap":{"0":{"name":"indexView","decl":{"start":{"line":5,"column":15},"end":{"line":13,"column":6}},"loc":{"start":{"line":5,"column":15},"end":{"line":13,"column":6}},"line":5},"1":{"name":"showView","decl":{"start":{"line":15,"column":14},"end":{"line":26,"column":6}},"loc":{"start":{"line":15,"column":14},"end":{"line":26,"column":6}},"line":15},"2":{"name":"newView","decl":{"start":{"line":28,"column":13},"end":{"line":30,"column":6}},"loc":{"start":{"line":28,"column":13},"end":{"line":30,"column":6}},"line":28},"3":{"name":"addView","decl":{"start":{"line":32,"column":13},"end":{"line":41,"column":6}},"loc":{"start":{"line":32,"column":13},"end":{"line":41,"column":6}},"line":32},"4":{"name":"updateView","decl":{"start":{"line":43,"column":16},"end":{"line":55,"column":6}},"loc":{"start":{"line":43,"column":16},"end":{"line":55,"column":6}},"line":43},"5":{"name":"deleteView","decl":{"start":{"line":57,"column":16},"end":{"line":67,"column":6}},"loc":{"start":{"line":57,"column":16},"end":{"line":67,"column":6}},"line":57},"6":{"name":"indexApi","decl":{"start":{"line":70,"column":14},"end":{"line":83,"column":6}},"loc":{"start":{"line":70,"column":14},"end":{"line":83,"column":6}},"line":70},"7":{"name":"showApi","decl":{"start":{"line":85,"column":13},"end":{"line":96,"column":6}},"loc":{"start":{"line":85,"column":13},"end":{"line":96,"column":6}},"line":85},"8":{"name":"addApi","decl":{"start":{"line":98,"column":12},"end":{"line":109,"column":6}},"loc":{"start":{"line":98,"column":12},"end":{"line":109,"column":6}},"line":98},"9":{"name":"updateApi","decl":{"start":{"line":111,"column":15},"end":{"line":123,"column":6}},"loc":{"start":{"line":111,"column":15},"end":{"line":123,"column":6}},"line":111},"10":{"name":"deleteApi","decl":{"start":{"line":125,"column":15},"end":{"line":135,"column":5}},"loc":{"start":{"line":125,"column":15},"end":{"line":135,"column":5}},"line":125}},"f":{"0":1,"1":2,"2":1,"3":0,"4":2,"5":2,"6":1,"7":2,"8":0,"9":2,"10":1}}
,"C:\\Users\\lenovo\\Documents\\Studi Independen\\Chapter 6\\coba\\challenge\\controller\\userGameHistoryController.js": {"path":"C:\\Users\\lenovo\\Documents\\Studi Independen\\Chapter 6\\coba\\challenge\\controller\\userGameHistoryController.js","all":false,"statementMap":{"0":{"start":{"line":1,"column":0},"end":{"line":1,"column":49}},"1":{"start":{"line":2,"column":0},"end":{"line":2,"column":0}},"2":{"start":{"line":3,"column":0},"end":{"line":3,"column":18}},"3":{"start":{"line":4,"column":0},"end":{"line":4,"column":16}},"4":{"start":{"line":5,"column":0},"end":{"line":5,"column":30}},"5":{"start":{"line":6,"column":0},"end":{"line":6,"column":35}},"6":{"start":{"line":7,"column":0},"end":{"line":7,"column":33}},"7":{"start":{"line":8,"column":0},"end":{"line":8,"column":45}},"8":{"start":{"line":9,"column":0},"end":{"line":9,"column":10}},"9":{"start":{"line":10,"column":0},"end":{"line":10,"column":28}},"10":{"start":{"line":11,"column":0},"end":{"line":11,"column":77}},"11":{"start":{"line":12,"column":0},"end":{"line":12,"column":25}},"12":{"start":{"line":13,"column":0},"end":{"line":13,"column":56}},"13":{"start":{"line":14,"column":0},"end":{"line":14,"column":10}},"14":{"start":{"line":15,"column":0},"end":{"line":15,"column":6}},"15":{"start":{"line":16,"column":0},"end":{"line":16,"column":0}},"16":{"start":{"line":17,"column":0},"end":{"line":17,"column":29}},"17":{"start":{"line":18,"column":0},"end":{"line":18,"column":33}},"18":{"start":{"line":19,"column":0},"end":{"line":19,"column":41}},"19":{"start":{"line":20,"column":0},"end":{"line":20,"column":10}},"20":{"start":{"line":21,"column":0},"end":{"line":21,"column":26}},"21":{"start":{"line":22,"column":0},"end":{"line":22,"column":70}},"22":{"start":{"line":23,"column":0},"end":{"line":23,"column":10}},"23":{"start":{"line":24,"column":0},"end":{"line":24,"column":67}},"24":{"start":{"line":25,"column":0},"end":{"line":25,"column":6}},"25":{"start":{"line":26,"column":0},"end":{"line":26,"column":0}},"26":{"start":{"line":27,"column":0},"end":{"line":27,"column":31}},"27":{"start":{"line":28,"column":0},"end":{"line":28,"column":38}},"28":{"start":{"line":29,"column":0},"end":{"line":29,"column":30}},"29":{"start":{"line":30,"column":0},"end":{"line":30,"column":31}},"30":{"start":{"line":31,"column":0},"end":{"line":31,"column":43}},"31":{"start":{"line":32,"column":0},"end":{"line":32,"column":41}},"32":{"start":{"line":33,"column":0},"end":{"line":33,"column":9}},"33":{"start":{"line":34,"column":0},"end":{"line":34,"column":26}},"34":{"start":{"line":35,"column":0},"end":{"line":35,"column":77}},"35":{"start":{"line":36,"column":0},"end":{"line":36,"column":10}},"36":{"start":{"line":37,"column":0},"end":{"line":37,"column":23}},"37":{"start":{"line":38,"column":0},"end":{"line":38,"column":53}},"38":{"start":{"line":39,"column":0},"end":{"line":39,"column":10}},"39":{"start":{"line":40,"column":0},"end":{"line":40,"column":6}},"40":{"start":{"line":41,"column":0},"end":{"line":41,"column":0}},"41":{"start":{"line":42,"column":0},"end":{"line":42,"column":28}},"42":{"start":{"line":43,"column":0},"end":{"line":43,"column":13}},"43":{"start":{"line":44,"column":0},"end":{"line":44,"column":39}},"44":{"start":{"line":45,"column":0},"end":{"line":45,"column":71}},"45":{"start":{"line":46,"column":0},"end":{"line":46,"column":25}},"46":{"start":{"line":47,"column":0},"end":{"line":47,"column":54}},"47":{"start":{"line":48,"column":0},"end":{"line":48,"column":9}},"48":{"start":{"line":49,"column":0},"end":{"line":49,"column":6}},"49":{"start":{"line":50,"column":0},"end":{"line":50,"column":0}},"50":{"start":{"line":51,"column":0},"end":{"line":51,"column":28}},"51":{"start":{"line":52,"column":0},"end":{"line":52,"column":37}},"52":{"start":{"line":53,"column":0},"end":{"line":53,"column":38}},"53":{"start":{"line":54,"column":0},"end":{"line":54,"column":30}},"54":{"start":{"line":55,"column":0},"end":{"line":55,"column":31}},"55":{"start":{"line":56,"column":0},"end":{"line":56,"column":64}},"56":{"start":{"line":57,"column":0},"end":{"line":57,"column":9}},"57":{"start":{"line":58,"column":0},"end":{"line":58,"column":26}},"58":{"start":{"line":59,"column":0},"end":{"line":59,"column":66}},"59":{"start":{"line":60,"column":0},"end":{"line":60,"column":10}},"60":{"start":{"line":61,"column":0},"end":{"line":61,"column":72}},"61":{"start":{"line":62,"column":0},"end":{"line":62,"column":6}},"62":{"start":{"line":63,"column":0},"end":{"line":63,"column":0}},"63":{"start":{"line":64,"column":0},"end":{"line":64,"column":31}},"64":{"start":{"line":65,"column":0},"end":{"line":65,"column":40}},"65":{"start":{"line":66,"column":0},"end":{"line":66,"column":61}},"66":{"start":{"line":67,"column":0},"end":{"line":67,"column":26}},"67":{"start":{"line":68,"column":0},"end":{"line":68,"column":66}},"68":{"start":{"line":69,"column":0},"end":{"line":69,"column":24}},"69":{"start":{"line":70,"column":0},"end":{"line":70,"column":56}},"70":{"start":{"line":71,"column":0},"end":{"line":71,"column":10}},"71":{"start":{"line":72,"column":0},"end":{"line":72,"column":6}},"72":{"start":{"line":73,"column":0},"end":{"line":73,"column":0}},"73":{"start":{"line":74,"column":0},"end":{"line":74,"column":10}},"74":{"start":{"line":75,"column":0},"end":{"line":75,"column":29}},"75":{"start":{"line":76,"column":0},"end":{"line":76,"column":35}},"76":{"start":{"line":77,"column":0},"end":{"line":77,"column":33}},"77":{"start":{"line":78,"column":0},"end":{"line":78,"column":45}},"78":{"start":{"line":79,"column":0},"end":{"line":79,"column":10}},"79":{"start":{"line":80,"column":0},"end":{"line":80,"column":28}},"80":{"start":{"line":81,"column":0},"end":{"line":81,"column":97}},"81":{"start":{"line":82,"column":0},"end":{"line":82,"column":10}},"82":{"start":{"line":83,"column":0},"end":{"line":83,"column":23}},"83":{"start":{"line":84,"column":0},"end":{"line":84,"column":51}},"84":{"start":{"line":85,"column":0},"end":{"line":85,"column":10}},"85":{"start":{"line":86,"column":0},"end":{"line":86,"column":6}},"86":{"start":{"line":87,"column":0},"end":{"line":87,"column":0}},"87":{"start":{"line":88,"column":0},"end":{"line":88,"column":28}},"88":{"start":{"line":89,"column":0},"end":{"line":89,"column":33}},"89":{"start":{"line":90,"column":0},"end":{"line":90,"column":77}},"90":{"start":{"line":91,"column":0},"end":{"line":91,"column":10}},"91":{"start":{"line":92,"column":0},"end":{"line":92,"column":26}},"92":{"start":{"line":93,"column":0},"end":{"line":93,"column":90}},"93":{"start":{"line":94,"column":0},"end":{"line":94,"column":10}},"94":{"start":{"line":95,"column":0},"end":{"line":95,"column":23}},"95":{"start":{"line":96,"column":0},"end":{"line":96,"column":51}},"96":{"start":{"line":97,"column":0},"end":{"line":97,"column":10}},"97":{"start":{"line":98,"column":0},"end":{"line":98,"column":6}},"98":{"start":{"line":99,"column":0},"end":{"line":99,"column":0}},"99":{"start":{"line":100,"column":0},"end":{"line":100,"column":30}},"100":{"start":{"line":101,"column":0},"end":{"line":101,"column":38}},"101":{"start":{"line":102,"column":0},"end":{"line":102,"column":30}},"102":{"start":{"line":103,"column":0},"end":{"line":103,"column":31}},"103":{"start":{"line":104,"column":0},"end":{"line":104,"column":43}},"104":{"start":{"line":105,"column":0},"end":{"line":105,"column":79}},"105":{"start":{"line":106,"column":0},"end":{"line":106,"column":9}},"106":{"start":{"line":107,"column":0},"end":{"line":107,"column":26}},"107":{"start":{"line":108,"column":0},"end":{"line":108,"column":93}},"108":{"start":{"line":109,"column":0},"end":{"line":109,"column":10}},"109":{"start":{"line":110,"column":0},"end":{"line":110,"column":23}},"110":{"start":{"line":111,"column":0},"end":{"line":111,"column":51}},"111":{"start":{"line":112,"column":0},"end":{"line":112,"column":10}},"112":{"start":{"line":113,"column":0},"end":{"line":113,"column":6}},"113":{"start":{"line":114,"column":0},"end":{"line":114,"column":0}},"114":{"start":{"line":115,"column":0},"end":{"line":115,"column":27}},"115":{"start":{"line":116,"column":0},"end":{"line":116,"column":37}},"116":{"start":{"line":117,"column":0},"end":{"line":117,"column":38}},"117":{"start":{"line":118,"column":0},"end":{"line":118,"column":30}},"118":{"start":{"line":119,"column":0},"end":{"line":119,"column":31}},"119":{"start":{"line":120,"column":0},"end":{"line":120,"column":64}},"120":{"start":{"line":121,"column":0},"end":{"line":121,"column":9}},"121":{"start":{"line":122,"column":0},"end":{"line":122,"column":26}},"122":{"start":{"line":123,"column":0},"end":{"line":123,"column":102}},"123":{"start":{"line":124,"column":0},"end":{"line":124,"column":10}},"124":{"start":{"line":125,"column":0},"end":{"line":125,"column":23}},"125":{"start":{"line":126,"column":0},"end":{"line":126,"column":51}},"126":{"start":{"line":127,"column":0},"end":{"line":127,"column":10}},"127":{"start":{"line":128,"column":0},"end":{"line":128,"column":6}},"128":{"start":{"line":129,"column":0},"end":{"line":129,"column":0}},"129":{"start":{"line":130,"column":0},"end":{"line":130,"column":30}},"130":{"start":{"line":131,"column":0},"end":{"line":131,"column":32}},"131":{"start":{"line":132,"column":0},"end":{"line":132,"column":79}},"132":{"start":{"line":133,"column":0},"end":{"line":133,"column":13}},"133":{"start":{"line":134,"column":0},"end":{"line":134,"column":26}},"134":{"start":{"line":135,"column":0},"end":{"line":135,"column":96}},"135":{"start":{"line":136,"column":0},"end":{"line":136,"column":10}},"136":{"start":{"line":137,"column":0},"end":{"line":137,"column":23}},"137":{"start":{"line":138,"column":0},"end":{"line":138,"column":51}},"138":{"start":{"line":139,"column":0},"end":{"line":139,"column":10}},"139":{"start":{"line":140,"column":0},"end":{"line":140,"column":5}},"140":{"start":{"line":141,"column":0},"end":{"line":141,"column":1}}},"s":{"0":1,"1":1,"2":1,"3":1,"4":1,"5":3,"6":3,"7":3,"8":3,"9":3,"10":1,"11":3,"12":2,"13":2,"14":3,"15":1,"16":1,"17":2,"18":2,"19":2,"20":2,"21":1,"22":1,"23":2,"24":2,"25":1,"26":1,"27":2,"28":2,"29":2,"30":2,"31":2,"32":2,"33":2,"34":1,"35":1,"36":2,"37":1,"38":1,"39":2,"40":1,"41":1,"42":1,"43":1,"44":1,"45":1,"46":0,"47":0,"48":1,"49":1,"50":1,"51":1,"52":1,"53":1,"54":1,"55":1,"56":1,"57":1,"58":0,"59":0,"60":1,"61":1,"62":1,"63":1,"64":2,"65":2,"66":2,"67":1,"68":2,"69":1,"70":1,"71":2,"72":1,"73":1,"74":1,"75":2,"76":2,"77":2,"78":2,"79":2,"80":1,"81":1,"82":2,"83":1,"84":1,"85":2,"86":1,"87":1,"88":2,"89":2,"90":2,"91":2,"92":1,"93":1,"94":2,"95":1,"96":1,"97":2,"98":1,"99":1,"100":0,"101":0,"102":0,"103":0,"104":0,"105":0,"106":0,"107":0,"108":0,"109":0,"110":0,"111":0,"112":0,"113":1,"114":1,"115":1,"116":1,"117":1,"118":1,"119":1,"120":1,"121":1,"122":0,"123":0,"124":1,"125":1,"126":1,"127":1,"128":1,"129":1,"130":2,"131":2,"132":2,"133":2,"134":1,"135":1,"136":2,"137":1,"138":1,"139":2,"140":1},"branchMap":{"0":{"type":"branch","line":5,"loc":{"start":{"line":5,"column":15},"end":{"line":15,"column":6}},"locations":[{"start":{"line":5,"column":15},"end":{"line":15,"column":6}}]},"1":{"type":"branch","line":10,"loc":{"start":{"line":10,"column":14},"end":{"line":12,"column":11}},"locations":[{"start":{"line":10,"column":14},"end":{"line":12,"column":11}}]},"2":{"type":"branch","line":12,"loc":{"start":{"line":12,"column":17},"end":{"line":14,"column":10}},"locations":[{"start":{"line":12,"column":17},"end":{"line":14,"column":10}}]},"3":{"type":"branch","line":17,"loc":{"start":{"line":17,"column":14},"end":{"line":25,"column":6}},"locations":[{"start":{"line":17,"column":14},"end":{"line":25,"column":6}}]},"4":{"type":"branch","line":21,"loc":{"start":{"line":21,"column":14},"end":{"line":23,"column":10}},"locations":[{"start":{"line":21,"column":14},"end":{"line":23,"column":10}}]},"5":{"type":"branch","line":24,"loc":{"start":{"line":24,"column":15},"end":{"line":24,"column":25}},"locations":[{"start":{"line":24,"column":15},"end":{"line":24,"column":25}}]},"6":{"type":"branch","line":27,"loc":{"start":{"line":27,"column":16},"end":{"line":40,"column":6}},"locations":[{"start":{"line":27,"column":16},"end":{"line":40,"column":6}}]},"7":{"type":"branch","line":34,"loc":{"start":{"line":34,"column":14},"end":{"line":36,"column":10}},"locations":[{"start":{"line":34,"column":14},"end":{"line":36,"column":10}}]},"8":{"type":"branch","line":37,"loc":{"start":{"line":37,"column":15},"end":{"line":39,"column":10}},"locations":[{"start":{"line":37,"column":15},"end":{"line":39,"column":10}}]},"9":{"type":"branch","line":42,"loc":{"start":{"line":42,"column":13},"end":{"line":49,"column":6}},"locations":[{"start":{"line":42,"column":13},"end":{"line":49,"column":6}}]},"10":{"type":"branch","line":46,"loc":{"start":{"line":46,"column":10},"end":{"line":48,"column":9}},"locations":[{"start":{"line":46,"column":10},"end":{"line":48,"column":9}}]},"11":{"type":"branch","line":51,"loc":{"start":{"line":51,"column":13},"end":{"line":62,"column":6}},"locations":[{"start":{"line":51,"column":13},"end":{"line":62,"column":6}}]},"12":{"type":"branch","line":61,"loc":{"start":{"line":61,"column":15},"end":{"line":61,"column":25}},"locations":[{"start":{"line":61,"column":15},"end":{"line":61,"column":25}}]},"13":{"type":"branch","line":64,"loc":{"start":{"line":64,"column":16},"end":{"line":72,"column":6}},"locations":[{"start":{"line":64,"column":16},"end":{"line":72,"column":6}}]},"14":{"type":"branch","line":67,"loc":{"start":{"line":67,"column":14},"end":{"line":69,"column":11}},"locations":[{"start":{"line":67,"column":14},"end":{"line":69,"column":11}}]},"15":{"type":"branch","line":69,"loc":{"start":{"line":69,"column":17},"end":{"line":71,"column":10}},"locations":[{"start":{"line":69,"column":17},"end":{"line":71,"column":10}}]},"16":{"type":"branch","line":75,"loc":{"start":{"line":75,"column":14},"end":{"line":86,"column":6}},"locations":[{"start":{"line":75,"column":14},"end":{"line":86,"column":6}}]},"17":{"type":"branch","line":80,"loc":{"start":{"line":80,"column":14},"end":{"line":82,"column":10}},"locations":[{"start":{"line":80,"column":14},"end":{"line":82,"column":10}}]},"18":{"type":"branch","line":83,"loc":{"start":{"line":83,"column":15},"end":{"line":85,"column":10}},"locations":[{"start":{"line":83,"column":15},"end":{"line":85,"column":10}}]},"19":{"type":"branch","line":88,"loc":{"start":{"line":88,"column":13},"end":{"line":98,"column":6}},"locations":[{"start":{"line":88,"column":13},"end":{"line":98,"column":6}}]},"20":{"type":"branch","line":92,"loc":{"start":{"line":92,"column":14},"end":{"line":94,"column":10}},"locations":[{"start":{"line":92,"column":14},"end":{"line":94,"column":10}}]},"21":{"type":"branch","line":95,"loc":{"start":{"line":95,"column":15},"end":{"line":97,"column":10}},"locations":[{"start":{"line":95,"column":15},"end":{"line":97,"column":10}}]},"22":{"type":"branch","line":115,"loc":{"start":{"line":115,"column":12},"end":{"line":128,"column":6}},"locations":[{"start":{"line":115,"column":12},"end":{"line":128,"column":6}}]},"23":{"type":"branch","line":125,"loc":{"start":{"line":125,"column":15},"end":{"line":127,"column":10}},"locations":[{"start":{"line":125,"column":15},"end":{"line":127,"column":10}}]},"24":{"type":"branch","line":130,"loc":{"start":{"line":130,"column":15},"end":{"line":140,"column":5}},"locations":[{"start":{"line":130,"column":15},"end":{"line":140,"column":5}}]},"25":{"type":"branch","line":134,"loc":{"start":{"line":134,"column":14},"end":{"line":136,"column":10}},"locations":[{"start":{"line":134,"column":14},"end":{"line":136,"column":10}}]},"26":{"type":"branch","line":137,"loc":{"start":{"line":137,"column":15},"end":{"line":139,"column":10}},"locations":[{"start":{"line":137,"column":15},"end":{"line":139,"column":10}}]}},"b":{"0":[3],"1":[1],"2":[2],"3":[2],"4":[1],"5":[1],"6":[2],"7":[1],"8":[1],"9":[1],"10":[0],"11":[1],"12":[1],"13":[2],"14":[1],"15":[1],"16":[2],"17":[1],"18":[1],"19":[2],"20":[1],"21":[1],"22":[1],"23":[1],"24":[2],"25":[1],"26":[1]},"fnMap":{"0":{"name":"indexView","decl":{"start":{"line":5,"column":15},"end":{"line":15,"column":6}},"loc":{"start":{"line":5,"column":15},"end":{"line":15,"column":6}},"line":5},"1":{"name":"showView","decl":{"start":{"line":17,"column":14},"end":{"line":25,"column":6}},"loc":{"start":{"line":17,"column":14},"end":{"line":25,"column":6}},"line":17},"2":{"name":"updateView","decl":{"start":{"line":27,"column":16},"end":{"line":40,"column":6}},"loc":{"start":{"line":27,"column":16},"end":{"line":40,"column":6}},"line":27},"3":{"name":"newView","decl":{"start":{"line":42,"column":13},"end":{"line":49,"column":6}},"loc":{"start":{"line":42,"column":13},"end":{"line":49,"column":6}},"line":42},"4":{"name":"addView","decl":{"start":{"line":51,"column":13},"end":{"line":62,"column":6}},"loc":{"start":{"line":51,"column":13},"end":{"line":62,"column":6}},"line":51},"5":{"name":"deleteView","decl":{"start":{"line":64,"column":16},"end":{"line":72,"column":6}},"loc":{"start":{"line":64,"column":16},"end":{"line":72,"column":6}},"line":64},"6":{"name":"indexApi","decl":{"start":{"line":75,"column":14},"end":{"line":86,"column":6}},"loc":{"start":{"line":75,"column":14},"end":{"line":86,"column":6}},"line":75},"7":{"name":"showApi","decl":{"start":{"line":88,"column":13},"end":{"line":98,"column":6}},"loc":{"start":{"line":88,"column":13},"end":{"line":98,"column":6}},"line":88},"8":{"name":"updateApi","decl":{"start":{"line":100,"column":15},"end":{"line":113,"column":6}},"loc":{"start":{"line":100,"column":15},"end":{"line":113,"column":6}},"line":100},"9":{"name":"addApi","decl":{"start":{"line":115,"column":12},"end":{"line":128,"column":6}},"loc":{"start":{"line":115,"column":12},"end":{"line":128,"column":6}},"line":115},"10":{"name":"deleteApi","decl":{"start":{"line":130,"column":15},"end":{"line":140,"column":5}},"loc":{"start":{"line":130,"column":15},"end":{"line":140,"column":5}},"line":130}},"f":{"0":3,"1":2,"2":2,"3":1,"4":1,"5":2,"6":2,"7":2,"8":0,"9":1,"10":2}}
,"C:\\Users\\lenovo\\Documents\\Studi Independen\\Chapter 6\\coba\\challenge\\models\\index.js": {"path":"C:\\Users\\lenovo\\Documents\\Studi Independen\\Chapter 6\\coba\\challenge\\models\\index.js","all":false,"statementMap":{"0":{"start":{"line":1,"column":0},"end":{"line":1,"column":13}},"1":{"start":{"line":2,"column":0},"end":{"line":2,"column":0}},"2":{"start":{"line":3,"column":0},"end":{"line":3,"column":25}},"3":{"start":{"line":4,"column":0},"end":{"line":4,"column":29}},"4":{"start":{"line":5,"column":0},"end":{"line":5,"column":39}},"5":{"start":{"line":6,"column":0},"end":{"line":6,"column":43}},"6":{"start":{"line":7,"column":0},"end":{"line":7,"column":50}},"7":{"start":{"line":8,"column":0},"end":{"line":8,"column":66}},"8":{"start":{"line":9,"column":0},"end":{"line":9,"column":14}},"9":{"start":{"line":10,"column":0},"end":{"line":10,"column":0}},"10":{"start":{"line":11,"column":0},"end":{"line":11,"column":14}},"11":{"start":{"line":12,"column":0},"end":{"line":12,"column":30}},"12":{"start":{"line":13,"column":0},"end":{"line":13,"column":74}},"13":{"start":{"line":14,"column":0},"end":{"line":14,"column":8}},"14":{"start":{"line":15,"column":0},"end":{"line":15,"column":87}},"15":{"start":{"line":16,"column":0},"end":{"line":16,"column":1}},"16":{"start":{"line":17,"column":0},"end":{"line":17,"column":0}},"17":{"start":{"line":18,"column":0},"end":{"line":18,"column":2}},"18":{"start":{"line":19,"column":0},"end":{"line":19,"column":25}},"19":{"start":{"line":20,"column":0},"end":{"line":20,"column":19}},"20":{"start":{"line":21,"column":0},"end":{"line":21,"column":90}},"21":{"start":{"line":22,"column":0},"end":{"line":22,"column":4}},"22":{"start":{"line":23,"column":0},"end":{"line":23,"column":20}},"23":{"start":{"line":24,"column":0},"end":{"line":24,"column":86}},"24":{"start":{"line":25,"column":0},"end":{"line":25,"column":27}},"25":{"start":{"line":26,"column":0},"end":{"line":26,"column":5}},"26":{"start":{"line":27,"column":0},"end":{"line":27,"column":0}},"27":{"start":{"line":28,"column":0},"end":{"line":28,"column":38}},"28":{"start":{"line":29,"column":0},"end":{"line":29,"column":32}},"29":{"start":{"line":30,"column":0},"end":{"line":30,"column":32}},"30":{"start":{"line":31,"column":0},"end":{"line":31,"column":3}},"31":{"start":{"line":32,"column":0},"end":{"line":32,"column":3}},"32":{"start":{"line":33,"column":0},"end":{"line":33,"column":0}},"33":{"start":{"line":34,"column":0},"end":{"line":34,"column":25}},"34":{"start":{"line":35,"column":0},"end":{"line":35,"column":25}},"35":{"start":{"line":36,"column":0},"end":{"line":36,"column":0}},"36":{"start":{"line":37,"column":0},"end":{"line":37,"column":20}}},"s":{"0":1,"1":1,"2":1,"3":1,"4":1,"5":1,"6":1,"7":1,"8":1,"9":1,"10":1,"11":1,"12":0,"13":1,"14":1,"15":1,"16":1,"17":1,"18":1,"19":1,"20":4,"21":4,"22":1,"23":3,"24":3,"25":3,"26":1,"27":1,"28":3,"29":3,"30":3,"31":3,"32":1,"33":1,"34":1,"35":1,"36":1},"branchMap":{"0":{"type":"branch","line":7,"loc":{"start":{"line":7,"column":12},"end":{"line":7,"column":50}},"locations":[{"start":{"line":7,"column":12},"end":{"line":7,"column":50}}]},"1":{"type":"branch","line":12,"loc":{"start":{"line":12,"column":29},"end":{"line":14,"column":7}},"locations":[{"start":{"line":12,"column":29},"end":{"line":14,"column":7}}]},"2":{"type":"branch","line":20,"loc":{"start":{"line":20,"column":10},"end":{"line":22,"column":4}},"locations":[{"start":{"line":20,"column":10},"end":{"line":22,"column":4}}]},"3":{"type":"branch","line":21,"loc":{"start":{"line":21,"column":11},"end":{"line":21,"column":90}},"locations":[{"start":{"line":21,"column":11},"end":{"line":21,"column":90}}]},"4":{"type":"branch","line":23,"loc":{"start":{"line":23,"column":11},"end":{"line":26,"column":5}},"locations":[{"start":{"line":23,"column":11},"end":{"line":26,"column":5}}]},"5":{"type":"branch","line":28,"loc":{"start":{"line":28,"column":24},"end":{"line":32,"column":3}},"locations":[{"start":{"line":28,"column":24},"end":{"line":32,"column":3}}]}},"b":{"0":[0],"1":[0],"2":[4],"3":[3],"4":[3],"5":[3]},"fnMap":{},"f":{}}
,"C:\\Users\\lenovo\\Documents\\Studi Independen\\Chapter 6\\coba\\challenge\\models\\usergame.js": {"path":"C:\\Users\\lenovo\\Documents\\Studi Independen\\Chapter 6\\coba\\challenge\\models\\usergame.js","all":false,"statementMap":{"0":{"start":{"line":1,"column":0},"end":{"line":1,"column":13}},"1":{"start":{"line":2,"column":0},"end":{"line":2,"column":7}},"2":{"start":{"line":3,"column":0},"end":{"line":3,"column":7}},"3":{"start":{"line":4,"column":0},"end":{"line":4,"column":25}},"4":{"start":{"line":5,"column":0},"end":{"line":5,"column":44}},"5":{"start":{"line":6,"column":0},"end":{"line":6,"column":32}},"6":{"start":{"line":7,"column":0},"end":{"line":7,"column":7}},"7":{"start":{"line":8,"column":0},"end":{"line":8,"column":47}},"8":{"start":{"line":9,"column":0},"end":{"line":9,"column":56}},"9":{"start":{"line":10,"column":0},"end":{"line":10,"column":67}},"10":{"start":{"line":11,"column":0},"end":{"line":11,"column":7}},"11":{"start":{"line":12,"column":0},"end":{"line":12,"column":30}},"12":{"start":{"line":13,"column":0},"end":{"line":13,"column":69}},"13":{"start":{"line":14,"column":0},"end":{"line":14,"column":69}},"14":{"start":{"line":15,"column":0},"end":{"line":15,"column":5}},"15":{"start":{"line":16,"column":0},"end":{"line":16,"column":3}},"16":{"start":{"line":17,"column":0},"end":{"line":17,"column":17}},"17":{"start":{"line":18,"column":0},"end":{"line":18,"column":31}},"18":{"start":{"line":19,"column":0},"end":{"line":19,"column":30}},"19":{"start":{"line":20,"column":0},"end":{"line":20,"column":6}},"20":{"start":{"line":21,"column":0},"end":{"line":21,"column":14}},"21":{"start":{"line":22,"column":0},"end":{"line":22,"column":28}},"22":{"start":{"line":23,"column":0},"end":{"line":23,"column":26}},"23":{"start":{"line":24,"column":0},"end":{"line":24,"column":22}},"24":{"start":{"line":25,"column":0},"end":{"line":25,"column":5}},"25":{"start":{"line":26,"column":0},"end":{"line":26,"column":18}},"26":{"start":{"line":27,"column":0},"end":{"line":27,"column":2}}},"s":{"0":1,"1":1,"2":1,"3":1,"4":1,"5":1,"6":1,"7":1,"8":1,"9":1,"10":1,"11":1,"12":1,"13":1,"14":1,"15":1,"16":1,"17":1,"18":1,"19":1,"20":1,"21":1,"22":1,"23":1,"24":1,"25":1,"26":1},"branchMap":{"0":{"type":"branch","line":5,"loc":{"start":{"line":5,"column":17},"end":{"line":27,"column":2}},"locations":[{"start":{"line":5,"column":17},"end":{"line":27,"column":2}}]},"1":{"type":"branch","line":12,"loc":{"start":{"line":12,"column":11},"end":{"line":15,"column":5}},"locations":[{"start":{"line":12,"column":11},"end":{"line":15,"column":5}}]}},"b":{"0":[1],"1":[1]},"fnMap":{"0":{"name":"Object.<anonymous>.module.exports","decl":{"start":{"line":5,"column":17},"end":{"line":27,"column":2}},"loc":{"start":{"line":5,"column":17},"end":{"line":27,"column":2}},"line":5},"1":{"name":"associate","decl":{"start":{"line":12,"column":11},"end":{"line":15,"column":5}},"loc":{"start":{"line":12,"column":11},"end":{"line":15,"column":5}},"line":12}},"f":{"0":1,"1":1}}
,"C:\\Users\\lenovo\\Documents\\Studi Independen\\Chapter 6\\coba\\challenge\\models\\usergamebiodata.js": {"path":"C:\\Users\\lenovo\\Documents\\Studi Independen\\Chapter 6\\coba\\challenge\\models\\usergamebiodata.js","all":false,"statementMap":{"0":{"start":{"line":1,"column":0},"end":{"line":1,"column":13}},"1":{"start":{"line":2,"column":0},"end":{"line":2,"column":7}},"2":{"start":{"line":3,"column":0},"end":{"line":3,"column":7}},"3":{"start":{"line":4,"column":0},"end":{"line":4,"column":25}},"4":{"start":{"line":5,"column":0},"end":{"line":5,"column":44}},"5":{"start":{"line":6,"column":0},"end":{"line":6,"column":39}},"6":{"start":{"line":7,"column":0},"end":{"line":7,"column":7}},"7":{"start":{"line":8,"column":0},"end":{"line":8,"column":47}},"8":{"start":{"line":9,"column":0},"end":{"line":9,"column":56}},"9":{"start":{"line":10,"column":0},"end":{"line":10,"column":67}},"10":{"start":{"line":11,"column":0},"end":{"line":11,"column":7}},"11":{"start":{"line":12,"column":0},"end":{"line":12,"column":30}},"12":{"start":{"line":13,"column":0},"end":{"line":13,"column":85}},"13":{"start":{"line":14,"column":0},"end":{"line":14,"column":5}},"14":{"start":{"line":15,"column":0},"end":{"line":15,"column":3}},"15":{"start":{"line":16,"column":0},"end":{"line":16,"column":24}},"16":{"start":{"line":17,"column":0},"end":{"line":17,"column":27}},"17":{"start":{"line":18,"column":0},"end":{"line":18,"column":30}},"18":{"start":{"line":19,"column":0},"end":{"line":19,"column":35}},"19":{"start":{"line":20,"column":0},"end":{"line":20,"column":6}},"20":{"start":{"line":21,"column":0},"end":{"line":21,"column":14}},"21":{"start":{"line":22,"column":0},"end":{"line":22,"column":35}},"22":{"start":{"line":23,"column":0},"end":{"line":23,"column":33}},"23":{"start":{"line":24,"column":0},"end":{"line":24,"column":22}},"24":{"start":{"line":25,"column":0},"end":{"line":25,"column":5}},"25":{"start":{"line":26,"column":0},"end":{"line":26,"column":25}},"26":{"start":{"line":27,"column":0},"end":{"line":27,"column":2}}},"s":{"0":1,"1":1,"2":1,"3":1,"4":1,"5":1,"6":1,"7":1,"8":1,"9":1,"10":1,"11":1,"12":1,"13":1,"14":1,"15":1,"16":1,"17":1,"18":1,"19":1,"20":1,"21":1,"22":1,"23":1,"24":1,"25":1,"26":1},"branchMap":{"0":{"type":"branch","line":5,"loc":{"start":{"line":5,"column":17},"end":{"line":27,"column":2}},"locations":[{"start":{"line":5,"column":17},"end":{"line":27,"column":2}}]},"1":{"type":"branch","line":12,"loc":{"start":{"line":12,"column":11},"end":{"line":14,"column":5}},"locations":[{"start":{"line":12,"column":11},"end":{"line":14,"column":5}}]}},"b":{"0":[1],"1":[1]},"fnMap":{"0":{"name":"Object.<anonymous>.module.exports","decl":{"start":{"line":5,"column":17},"end":{"line":27,"column":2}},"loc":{"start":{"line":5,"column":17},"end":{"line":27,"column":2}},"line":5},"1":{"name":"associate","decl":{"start":{"line":12,"column":11},"end":{"line":14,"column":5}},"loc":{"start":{"line":12,"column":11},"end":{"line":14,"column":5}},"line":12}},"f":{"0":1,"1":1}}
,"C:\\Users\\lenovo\\Documents\\Studi Independen\\Chapter 6\\coba\\challenge\\models\\usergamehistory.js": {"path":"C:\\Users\\lenovo\\Documents\\Studi Independen\\Chapter 6\\coba\\challenge\\models\\usergamehistory.js","all":false,"statementMap":{"0":{"start":{"line":1,"column":0},"end":{"line":1,"column":13}},"1":{"start":{"line":2,"column":0},"end":{"line":2,"column":7}},"2":{"start":{"line":3,"column":0},"end":{"line":3,"column":7}},"3":{"start":{"line":4,"column":0},"end":{"line":4,"column":25}},"4":{"start":{"line":5,"column":0},"end":{"line":5,"column":44}},"5":{"start":{"line":6,"column":0},"end":{"line":6,"column":39}},"6":{"start":{"line":7,"column":0},"end":{"line":7,"column":7}},"7":{"start":{"line":8,"column":0},"end":{"line":8,"column":47}},"8":{"start":{"line":9,"column":0},"end":{"line":9,"column":56}},"9":{"start":{"line":10,"column":0},"end":{"line":10,"column":67}},"10":{"start":{"line":11,"column":0},"end":{"line":11,"column":7}},"11":{"start":{"line":12,"column":0},"end":{"line":12,"column":30}},"12":{"start":{"line":13,"column":0},"end":{"line":13,"column":85}},"13":{"start":{"line":14,"column":0},"end":{"line":14,"column":5}},"14":{"start":{"line":15,"column":0},"end":{"line":15,"column":3}},"15":{"start":{"line":16,"column":0},"end":{"line":16,"column":24}},"16":{"start":{"line":17,"column":0},"end":{"line":17,"column":27}},"17":{"start":{"line":18,"column":0},"end":{"line":18,"column":29}},"18":{"start":{"line":19,"column":0},"end":{"line":19,"column":31}},"19":{"start":{"line":20,"column":0},"end":{"line":20,"column":35}},"20":{"start":{"line":21,"column":0},"end":{"line":21,"column":6}},"21":{"start":{"line":22,"column":0},"end":{"line":22,"column":14}},"22":{"start":{"line":23,"column":0},"end":{"line":23,"column":37}},"23":{"start":{"line":24,"column":0},"end":{"line":24,"column":33}},"24":{"start":{"line":25,"column":0},"end":{"line":25,"column":22}},"25":{"start":{"line":26,"column":0},"end":{"line":26,"column":5}},"26":{"start":{"line":27,"column":0},"end":{"line":27,"column":25}},"27":{"start":{"line":28,"column":0},"end":{"line":28,"column":2}}},"s":{"0":1,"1":1,"2":1,"3":1,"4":1,"5":1,"6":1,"7":1,"8":1,"9":1,"10":1,"11":1,"12":1,"13":1,"14":1,"15":1,"16":1,"17":1,"18":1,"19":1,"20":1,"21":1,"22":1,"23":1,"24":1,"25":1,"26":1,"27":1},"branchMap":{"0":{"type":"branch","line":5,"loc":{"start":{"line":5,"column":17},"end":{"line":28,"column":2}},"locations":[{"start":{"line":5,"column":17},"end":{"line":28,"column":2}}]},"1":{"type":"branch","line":12,"loc":{"start":{"line":12,"column":11},"end":{"line":14,"column":5}},"locations":[{"start":{"line":12,"column":11},"end":{"line":14,"column":5}}]}},"b":{"0":[1],"1":[1]},"fnMap":{"0":{"name":"Object.<anonymous>.module.exports","decl":{"start":{"line":5,"column":17},"end":{"line":28,"column":2}},"loc":{"start":{"line":5,"column":17},"end":{"line":28,"column":2}},"line":5},"1":{"name":"associate","decl":{"start":{"line":12,"column":11},"end":{"line":14,"column":5}},"loc":{"start":{"line":12,"column":11},"end":{"line":14,"column":5}},"line":12}},"f":{"0":1,"1":1}}
}
