TN:
SF:app.js
FNF:0
FNH:0
DA:1,1
DA:2,1
DA:3,1
DA:4,1
DA:5,1
DA:6,1
DA:7,1
DA:8,1
DA:9,1
DA:10,1
DA:11,1
DA:12,1
DA:13,1
DA:14,1
DA:15,1
DA:16,1
DA:17,57
DA:18,57
DA:19,57
DA:20,57
DA:21,57
DA:22,57
DA:23,57
DA:24,1
DA:25,1
DA:26,1
DA:27,1
DA:28,1
DA:29,1
DA:30,1
DA:31,1
DA:32,1
DA:33,1
LF:33
LH:33
BRDA:16,0,0,57
BRDA:31,1,0,1
BRF:2
BRH:2
end_of_record
TN:
SF:router.js
FNF:0
FNH:0
DA:1,1
DA:2,1
DA:3,1
DA:4,1
DA:5,1
DA:6,1
DA:7,1
DA:8,1
DA:9,1
DA:10,1
DA:11,1
DA:12,1
DA:13,1
DA:14,1
DA:15,1
DA:16,1
DA:17,1
DA:18,1
DA:19,1
DA:20,1
DA:21,1
DA:22,1
DA:23,1
DA:24,1
DA:25,1
DA:26,1
DA:27,1
DA:28,1
DA:29,1
DA:30,1
DA:31,1
DA:32,1
DA:33,1
DA:34,1
DA:35,1
DA:36,1
DA:37,1
DA:38,1
DA:39,1
DA:40,1
DA:41,1
DA:42,1
DA:43,1
DA:44,1
DA:45,1
DA:46,1
DA:47,1
DA:48,1
DA:49,1
LF:49
LH:49
BRF:0
BRH:0
end_of_record
TN:
SF:controller\baseController.js
FN:2,index
FN:8,sum
FNF:2
FNH:2
FNDA:1,index
FNDA:1,sum
DA:1,1
DA:2,1
DA:3,1
DA:4,1
DA:5,1
DA:6,1
DA:7,1
DA:8,1
DA:9,1
DA:10,1
DA:11,1
DA:12,1
DA:13,1
DA:14,1
DA:15,1
LF:15
LH:15
BRDA:2,0,0,1
BRDA:8,1,0,1
BRF:2
BRH:2
end_of_record
TN:
SF:controller\loginController.js
FN:5,form
FN:13,signin
FN:21,login
FNF:3
FNH:3
FNDA:2,form
FNDA:27,signin
FNDA:3,login
DA:1,1
DA:2,1
DA:3,1
DA:4,1
DA:5,1
DA:6,2
DA:7,1
DA:8,1
DA:9,1
DA:10,1
DA:11,2
DA:12,1
DA:13,1
DA:14,27
DA:15,26
DA:16,26
DA:17,26
DA:18,26
DA:19,27
DA:20,1
DA:21,1
DA:22,3
DA:23,3
DA:24,3
DA:25,3
DA:26,3
DA:27,2
DA:28,2
DA:29,1
DA:30,1
DA:31,1
DA:32,1
DA:33,1
DA:34,2
DA:35,3
DA:36,1
DA:37,1
DA:38,3
DA:39,1
LF:39
LH:39
BRDA:5,0,0,2
BRDA:6,1,0,1
BRDA:13,2,0,27
BRDA:14,3,0,1
BRDA:14,4,0,26
BRDA:21,5,0,3
BRDA:26,6,0,2
BRDA:28,7,0,1
BRDA:35,8,0,1
BRF:9
BRH:9
end_of_record
TN:
SF:controller\userGameBiodataController.js
FN:5,showView
FN:24,updateView
FN:39,addView
FN:54,showApi
FN:70,updateApi
FN:96,addApi
FN:122,deleteApi
FNF:7
FNH:7
FNDA:2,showView
FNDA:2,updateView
FNDA:3,addView
FNDA:3,showApi
FNDA:4,updateApi
FNDA:3,addApi
FNDA:2,deleteApi
DA:1,1
DA:2,1
DA:3,1
DA:4,1
DA:5,1
DA:6,2
DA:7,2
DA:8,2
DA:9,2
DA:10,1
DA:11,1
DA:12,0
DA:13,0
DA:14,0
DA:15,0
DA:16,0
DA:17,0
DA:18,0
DA:19,1
DA:20,1
DA:21,2
DA:22,2
DA:23,1
DA:24,1
DA:25,2
DA:26,2
DA:27,2
DA:28,2
DA:29,2
DA:30,2
DA:31,1
DA:32,1
DA:33,2
DA:34,1
DA:35,1
DA:36,1
DA:37,2
DA:38,1
DA:39,1
DA:40,3
DA:41,3
DA:42,3
DA:43,3
DA:44,3
DA:45,2
DA:46,2
DA:47,3
DA:48,1
DA:49,1
DA:50,1
DA:51,3
DA:52,1
DA:53,1
DA:54,1
DA:55,3
DA:56,3
DA:57,3
DA:58,3
DA:59,2
DA:60,1
DA:61,1
DA:62,1
DA:63,1
DA:64,2
DA:65,3
DA:66,1
DA:67,1
DA:68,3
DA:69,1
DA:70,1
DA:71,4
DA:72,4
DA:73,4
DA:74,4
DA:75,4
DA:76,3
DA:77,2
DA:78,2
DA:79,2
DA:80,2
DA:81,2
DA:82,2
DA:83,2
DA:84,2
DA:85,2
DA:86,2
DA:87,0
DA:88,0
DA:89,2
DA:90,3
DA:91,4
DA:92,1
DA:93,1
DA:94,4
DA:95,1
DA:96,1
DA:97,3
DA:98,3
DA:99,3
DA:100,3
DA:101,3
DA:102,2
DA:103,0
DA:104,0
DA:105,0
DA:106,0
DA:107,0
DA:108,0
DA:109,0
DA:110,0
DA:111,0
DA:112,0
DA:113,0
DA:114,0
DA:115,0
DA:116,2
DA:117,3
DA:118,1
DA:119,1
DA:120,3
DA:121,1
DA:122,1
DA:123,2
DA:124,2
DA:125,2
DA:126,2
DA:127,1
DA:128,1
DA:129,2
DA:130,1
DA:131,1
DA:132,2
DA:133,1
LF:133
LH:111
BRDA:5,0,0,2
BRDA:9,1,0,1
BRDA:11,2,0,0
BRDA:21,3,0,1
BRDA:24,4,0,2
BRDA:30,5,0,1
BRDA:33,6,0,1
BRDA:39,7,0,3
BRDA:44,8,0,2
BRDA:47,9,0,1
BRDA:54,10,0,3
BRDA:58,11,0,2
BRDA:59,12,0,1
BRDA:65,13,0,1
BRDA:70,14,0,4
BRDA:75,15,0,3
BRDA:76,16,0,1
BRDA:76,17,0,2
BRDA:83,18,0,2
BRDA:91,19,0,1
BRDA:96,20,0,3
BRDA:101,21,0,2
BRDA:102,22,0,0
BRDA:117,23,0,1
BRDA:122,24,0,2
BRDA:126,25,0,1
BRDA:129,26,0,1
BRF:27
BRH:25
end_of_record
TN:
SF:controller\userGameController.js
FN:5,indexView
FN:15,showView
FN:28,newView
FN:32,addView
FN:43,updateView
FN:57,deleteView
FN:70,indexApi
FN:85,showApi
FN:98,addApi
FN:111,updateApi
FN:125,deleteApi
FNF:11
FNH:9
FNDA:1,indexView
FNDA:2,showView
FNDA:1,newView
FNDA:0,addView
FNDA:2,updateView
FNDA:2,deleteView
FNDA:1,indexApi
FNDA:2,showApi
FNDA:0,addApi
FNDA:2,updateApi
FNDA:1,deleteApi
DA:1,1
DA:2,1
DA:3,1
DA:4,1
DA:5,1
DA:6,1
DA:7,1
DA:8,1
DA:9,1
DA:10,1
DA:11,1
DA:12,1
DA:13,1
DA:14,1
DA:15,1
DA:16,2
DA:17,2
DA:18,2
DA:19,2
DA:20,1
DA:21,1
DA:22,2
DA:23,1
DA:24,1
DA:25,1
DA:26,2
DA:27,1
DA:28,1
DA:29,1
DA:30,1
DA:31,1
DA:32,1
DA:33,0
DA:34,0
DA:35,0
DA:36,0
DA:37,0
DA:38,0
DA:39,0
DA:40,0
DA:41,0
DA:42,1
DA:43,1
DA:44,2
DA:45,2
DA:46,2
DA:47,2
DA:48,2
DA:49,2
DA:50,1
DA:51,1
DA:52,2
DA:53,1
DA:54,1
DA:55,2
DA:56,1
DA:57,1
DA:58,2
DA:59,2
DA:60,2
DA:61,2
DA:62,1
DA:63,1
DA:64,2
DA:65,1
DA:66,1
DA:67,2
DA:68,1
DA:69,1
DA:70,1
DA:71,1
DA:72,1
DA:73,1
DA:74,1
DA:75,1
DA:76,1
DA:77,1
DA:78,1
DA:79,1
DA:80,1
DA:81,1
DA:82,1
DA:83,1
DA:84,1
DA:85,1
DA:86,2
DA:87,2
DA:88,2
DA:89,2
DA:90,2
DA:91,1
DA:92,1
DA:93,2
DA:94,1
DA:95,1
DA:96,2
DA:97,1
DA:98,1
DA:99,0
DA:100,0
DA:101,0
DA:102,0
DA:103,0
DA:104,0
DA:105,0
DA:106,0
DA:107,0
DA:108,0
DA:109,0
DA:110,1
DA:111,1
DA:112,2
DA:113,2
DA:114,2
DA:115,2
DA:116,2
DA:117,2
DA:118,1
DA:119,1
DA:120,2
DA:121,1
DA:122,1
DA:123,2
DA:124,1
DA:125,1
DA:126,1
DA:127,1
DA:128,1
DA:129,1
DA:130,0
DA:131,0
DA:132,1
DA:133,1
DA:134,1
DA:135,1
DA:136,1
LF:136
LH:114
BRDA:5,0,0,1
BRDA:15,1,0,2
BRDA:19,2,0,1
BRDA:22,3,0,1
BRDA:28,4,0,1
BRDA:43,5,0,2
BRDA:49,6,0,1
BRDA:52,7,0,1
BRDA:57,8,0,2
BRDA:61,9,0,1
BRDA:64,10,0,1
BRDA:70,11,0,1
BRDA:77,12,0,1
BRDA:85,13,0,2
BRDA:90,14,0,1
BRDA:93,15,0,1
BRDA:111,16,0,2
BRDA:117,17,0,1
BRDA:120,18,0,1
BRDA:125,19,0,1
BRDA:132,20,0,1
BRF:21
BRH:21
end_of_record
TN:
SF:controller\userGameHistoryController.js
FN:5,indexView
FN:17,showView
FN:27,updateView
FN:42,newView
FN:51,addView
FN:64,deleteView
FN:75,indexApi
FN:88,showApi
FN:100,updateApi
FN:115,addApi
FN:130,deleteApi
FNF:11
FNH:10
FNDA:3,indexView
FNDA:2,showView
FNDA:2,updateView
FNDA:1,newView
FNDA:1,addView
FNDA:2,deleteView
FNDA:2,indexApi
FNDA:2,showApi
FNDA:0,updateApi
FNDA:1,addApi
FNDA:2,deleteApi
DA:1,1
DA:2,1
DA:3,1
DA:4,1
DA:5,1
DA:6,3
DA:7,3
DA:8,3
DA:9,3
DA:10,3
DA:11,1
DA:12,3
DA:13,2
DA:14,2
DA:15,3
DA:16,1
DA:17,1
DA:18,2
DA:19,2
DA:20,2
DA:21,2
DA:22,1
DA:23,1
DA:24,2
DA:25,2
DA:26,1
DA:27,1
DA:28,2
DA:29,2
DA:30,2
DA:31,2
DA:32,2
DA:33,2
DA:34,2
DA:35,1
DA:36,1
DA:37,2
DA:38,1
DA:39,1
DA:40,2
DA:41,1
DA:42,1
DA:43,1
DA:44,1
DA:45,1
DA:46,1
DA:47,0
DA:48,0
DA:49,1
DA:50,1
DA:51,1
DA:52,1
DA:53,1
DA:54,1
DA:55,1
DA:56,1
DA:57,1
DA:58,1
DA:59,0
DA:60,0
DA:61,1
DA:62,1
DA:63,1
DA:64,1
DA:65,2
DA:66,2
DA:67,2
DA:68,1
DA:69,2
DA:70,1
DA:71,1
DA:72,2
DA:73,1
DA:74,1
DA:75,1
DA:76,2
DA:77,2
DA:78,2
DA:79,2
DA:80,2
DA:81,1
DA:82,1
DA:83,2
DA:84,1
DA:85,1
DA:86,2
DA:87,1
DA:88,1
DA:89,2
DA:90,2
DA:91,2
DA:92,2
DA:93,1
DA:94,1
DA:95,2
DA:96,1
DA:97,1
DA:98,2
DA:99,1
DA:100,1
DA:101,0
DA:102,0
DA:103,0
DA:104,0
DA:105,0
DA:106,0
DA:107,0
DA:108,0
DA:109,0
DA:110,0
DA:111,0
DA:112,0
DA:113,0
DA:114,1
DA:115,1
DA:116,1
DA:117,1
DA:118,1
DA:119,1
DA:120,1
DA:121,1
DA:122,1
DA:123,0
DA:124,0
DA:125,1
DA:126,1
DA:127,1
DA:128,1
DA:129,1
DA:130,1
DA:131,2
DA:132,2
DA:133,2
DA:134,2
DA:135,1
DA:136,1
DA:137,2
DA:138,1
DA:139,1
DA:140,2
DA:141,1
LF:141
LH:122
BRDA:5,0,0,3
BRDA:10,1,0,1
BRDA:12,2,0,2
BRDA:17,3,0,2
BRDA:21,4,0,1
BRDA:24,5,0,1
BRDA:27,6,0,2
BRDA:34,7,0,1
BRDA:37,8,0,1
BRDA:42,9,0,1
BRDA:46,10,0,0
BRDA:51,11,0,1
BRDA:61,12,0,1
BRDA:64,13,0,2
BRDA:67,14,0,1
BRDA:69,15,0,1
BRDA:75,16,0,2
BRDA:80,17,0,1
BRDA:83,18,0,1
BRDA:88,19,0,2
BRDA:92,20,0,1
BRDA:95,21,0,1
BRDA:115,22,0,1
BRDA:125,23,0,1
BRDA:130,24,0,2
BRDA:134,25,0,1
BRDA:137,26,0,1
BRF:27
BRH:26
end_of_record
TN:
SF:models\index.js
FNF:0
FNH:0
DA:1,1
DA:2,1
DA:3,1
DA:4,1
DA:5,1
DA:6,1
DA:7,1
DA:8,1
DA:9,1
DA:10,1
DA:11,1
DA:12,1
DA:13,0
DA:14,1
DA:15,1
DA:16,1
DA:17,1
DA:18,1
DA:19,1
DA:20,1
DA:21,4
DA:22,4
DA:23,1
DA:24,3
DA:25,3
DA:26,3
DA:27,1
DA:28,1
DA:29,3
DA:30,3
DA:31,3
DA:32,3
DA:33,1
DA:34,1
DA:35,1
DA:36,1
DA:37,1
LF:37
LH:36
BRDA:7,0,0,0
BRDA:12,1,0,0
BRDA:20,2,0,4
BRDA:21,3,0,3
BRDA:23,4,0,3
BRDA:28,5,0,3
BRF:6
BRH:4
end_of_record
TN:
SF:models\usergame.js
FN:5,Object.<anonymous>.module.exports
FN:12,associate
FNF:2
FNH:2
FNDA:1,Object.<anonymous>.module.exports
FNDA:1,associate
DA:1,1
DA:2,1
DA:3,1
DA:4,1
DA:5,1
DA:6,1
DA:7,1
DA:8,1
DA:9,1
DA:10,1
DA:11,1
DA:12,1
DA:13,1
DA:14,1
DA:15,1
DA:16,1
DA:17,1
DA:18,1
DA:19,1
DA:20,1
DA:21,1
DA:22,1
DA:23,1
DA:24,1
DA:25,1
DA:26,1
DA:27,1
LF:27
LH:27
BRDA:5,0,0,1
BRDA:12,1,0,1
BRF:2
BRH:2
end_of_record
TN:
SF:models\usergamebiodata.js
FN:5,Object.<anonymous>.module.exports
FN:12,associate
FNF:2
FNH:2
FNDA:1,Object.<anonymous>.module.exports
FNDA:1,associate
DA:1,1
DA:2,1
DA:3,1
DA:4,1
DA:5,1
DA:6,1
DA:7,1
DA:8,1
DA:9,1
DA:10,1
DA:11,1
DA:12,1
DA:13,1
DA:14,1
DA:15,1
DA:16,1
DA:17,1
DA:18,1
DA:19,1
DA:20,1
DA:21,1
DA:22,1
DA:23,1
DA:24,1
DA:25,1
DA:26,1
DA:27,1
LF:27
LH:27
BRDA:5,0,0,1
BRDA:12,1,0,1
BRF:2
BRH:2
end_of_record
TN:
SF:models\usergamehistory.js
FN:5,Object.<anonymous>.module.exports
FN:12,associate
FNF:2
FNH:2
FNDA:1,Object.<anonymous>.module.exports
FNDA:1,associate
DA:1,1
DA:2,1
DA:3,1
DA:4,1
DA:5,1
DA:6,1
DA:7,1
DA:8,1
DA:9,1
DA:10,1
DA:11,1
DA:12,1
DA:13,1
DA:14,1
DA:15,1
DA:16,1
DA:17,1
DA:18,1
DA:19,1
DA:20,1
DA:21,1
DA:22,1
DA:23,1
DA:24,1
DA:25,1
DA:26,1
DA:27,1
DA:28,1
LF:28
LH:28
BRDA:5,0,0,1
BRDA:12,1,0,1
BRF:2
BRH:2
end_of_record
